INFO:accounts.views: User is authenticated (2018-08-02 07:03:09; views.py:52)
INFO:django.server: "GET / HTTP/1.1" 200 19077 (2018-08-02 07:03:11; basehttp.py:124)
INFO:django.server: "GET /static/css/style.css HTTP/1.1" 200 925 (2018-08-02 07:03:11; basehttp.py:124)
INFO:django.server: "GET /static/js/jquery-3.3.1.min.js HTTP/1.1" 304 0 (2018-08-02 07:03:11; basehttp.py:124)
INFO:django.server: "GET /static/css/bootstrap-4.1.1-dist/css/bootstrap-reboot.css HTTP/1.1" 200 4856 (2018-08-02 07:03:11; basehttp.py:124)
INFO:django.server: "GET /static/css/bootstrap-4.1.1-dist/js/bootstrap.js HTTP/1.1" 304 0 (2018-08-02 07:03:11; basehttp.py:124)
INFO:django.server: "GET /static/css/bootstrap-4.1.1-dist/css/bootstrap-grid.css HTTP/1.1" 200 37644 (2018-08-02 07:03:11; basehttp.py:124)
INFO:django.server: "GET /static/css/bootstrap-4.1.1-dist/css/bootstrap.css HTTP/1.1" 200 173442 (2018-08-02 07:03:11; basehttp.py:124)
INFO:django.server: "GET /static/js/popper.min.js HTTP/1.1" 304 0 (2018-08-02 07:03:11; basehttp.py:124)
INFO:django.server: "GET /static/debug_toolbar/js/jquery_pre.js HTTP/1.1" 200 136 (2018-08-02 07:03:11; basehttp.py:124)
INFO:django.server: "GET /static/js/jquery.waypoints.min.js HTTP/1.1" 304 0 (2018-08-02 07:03:11; basehttp.py:124)
INFO:django.server: "GET /static/js/app.js HTTP/1.1" 200 1015 (2018-08-02 07:03:11; basehttp.py:124)
INFO:django.server: "GET /static/js/infinite.min.js HTTP/1.1" 304 0 (2018-08-02 07:03:11; basehttp.py:124)
INFO:django.server: "GET /static/debug_toolbar/js/toolbar.js HTTP/1.1" 304 0 (2018-08-02 07:03:11; basehttp.py:124)
INFO:django.server: "GET /static/css/bootstrap-4.1.1-dist/js/bootstrap.bundle.js HTTP/1.1" 304 0 (2018-08-02 07:03:11; basehttp.py:124)
INFO:django.server: "GET /static/debug_toolbar/css/print.css HTTP/1.1" 200 29 (2018-08-02 07:03:11; basehttp.py:124)
INFO:django.server: "GET /static/debug_toolbar/js/jquery_post.js HTTP/1.1" 200 118 (2018-08-02 07:03:11; basehttp.py:124)
INFO:django.server: "GET /static/debug_toolbar/css/toolbar.css HTTP/1.1" 200 20322 (2018-08-02 07:03:11; basehttp.py:124)
INFO:django.server: "GET /media/images/avatars/def724bdaf661d185e175b591ab967c5.png HTTP/1.1" 200 9948 (2018-08-02 07:03:11; basehttp.py:124)
INFO:django.server: "GET /static/debug_toolbar/img/ajax-loader.gif HTTP/1.1" 200 404 (2018-08-02 07:03:11; basehttp.py:124)
INFO:django.server: "GET /accounts/ajax/count_followers/?pk=3 HTTP/1.1" 200 22 (2018-08-02 07:03:11; basehttp.py:124)
INFO:django.server: "GET /accounts/ajax/count_posts/?pk=3 HTTP/1.1" 200 18 (2018-08-02 07:03:11; basehttp.py:124)
INFO:django.server: "GET /news/ HTTP/1.1" 200 20665 (2018-08-02 10:27:59; basehttp.py:124)
INFO:django.server: "GET /static/css/style_news.css HTTP/1.1" 200 392 (2018-08-02 10:27:59; basehttp.py:124)
INFO:django.server: "GET /static/css/style.css HTTP/1.1" 304 0 (2018-08-02 10:27:59; basehttp.py:124)
INFO:django.server: "GET /static/debug_toolbar/js/jquery_post.js HTTP/1.1" 200 118 (2018-08-02 10:27:59; basehttp.py:124)
INFO:django.server: "GET /static/debug_toolbar/js/jquery_pre.js HTTP/1.1" 200 136 (2018-08-02 10:27:59; basehttp.py:124)
INFO:django.server: "GET /static/debug_toolbar/css/toolbar.css HTTP/1.1" 200 20322 (2018-08-02 10:27:59; basehttp.py:124)
INFO:django.server: "GET /static/js/app.js HTTP/1.1" 200 1015 (2018-08-02 10:27:59; basehttp.py:124)
INFO:django.server: "GET /static/debug_toolbar/css/print.css HTTP/1.1" 200 29 (2018-08-02 10:27:59; basehttp.py:124)
INFO:django.server: "GET /media/images/news/image_sharpened.jpg HTTP/1.1" 200 105134 (2018-08-02 10:27:59; basehttp.py:124)
INFO:django.server: "GET /static/debug_toolbar/img/ajax-loader.gif HTTP/1.1" 200 404 (2018-08-02 10:27:59; basehttp.py:124)
INFO:django.server: "GET /news/post/1/ HTTP/1.1" 200 27010 (2018-08-02 10:28:04; basehttp.py:124)
INFO:django.server: "GET /static/css/style_news_detail.css HTTP/1.1" 200 732 (2018-08-02 10:28:04; basehttp.py:124)
INFO:django.server: "GET /static/js/csrf.js HTTP/1.1" 200 617 (2018-08-02 10:28:04; basehttp.py:124)
INFO:django.server: "GET /static/js/news.js HTTP/1.1" 200 4247 (2018-08-02 10:28:04; basehttp.py:124)
INFO:django.server: "GET /accounts/login/ HTTP/1.1" 200 15990 (2018-08-02 10:28:17; basehttp.py:124)
INFO:django.server: "POST /accounts/login/ HTTP/1.1" 302 0 (2018-08-02 10:28:25; basehttp.py:124)
INFO:accounts.views: User is authenticated (2018-08-02 10:28:25; views.py:52)
INFO:django.server: "GET / HTTP/1.1" 200 19077 (2018-08-02 10:28:26; basehttp.py:124)
INFO:django.server: "GET /static/debug_toolbar/css/print.css HTTP/1.1" 200 29 (2018-08-02 10:28:26; basehttp.py:124)
INFO:django.server: "GET /static/debug_toolbar/css/toolbar.css HTTP/1.1" 200 8192 (2018-08-02 10:28:26; basehttp.py:124)
INFO:django.server: "GET /static/debug_toolbar/js/jquery_pre.js HTTP/1.1" 200 136 (2018-08-02 10:28:26; basehttp.py:124)
INFO:django.server: "GET /static/debug_toolbar/js/jquery_post.js HTTP/1.1" 200 118 (2018-08-02 10:28:26; basehttp.py:124)
INFO:django.server: "GET /static/debug_toolbar/img/ajax-loader.gif HTTP/1.1" 200 404 (2018-08-02 10:28:26; basehttp.py:124)
INFO:django.server: "GET /accounts/ajax/count_followers/?pk=3 HTTP/1.1" 200 22 (2018-08-02 10:28:27; basehttp.py:124)
INFO:django.server: "GET /accounts/ajax/count_posts/?pk=3 HTTP/1.1" 200 18 (2018-08-02 10:28:27; basehttp.py:124)
INFO:django.server: "GET /news/ HTTP/1.1" 200 21820 (2018-08-02 10:28:34; basehttp.py:124)
INFO:django.server: "GET /static/debug_toolbar/js/jquery_pre.js HTTP/1.1" 200 136 (2018-08-02 10:28:34; basehttp.py:124)
INFO:django.server: "GET /static/js/app.js HTTP/1.1" 200 1015 (2018-08-02 10:28:34; basehttp.py:124)
INFO:django.server: "GET /accounts/ajax/count_posts/?pk=3 HTTP/1.1" 200 18 (2018-08-02 10:28:34; basehttp.py:124)
INFO:django.server: "GET /accounts/ajax/count_followers/?pk=3 HTTP/1.1" 200 22 (2018-08-02 10:28:34; basehttp.py:124)
INFO:django.server: "GET /news/post/1/ HTTP/1.1" 200 31771 (2018-08-02 10:28:38; basehttp.py:124)
INFO:django.server: "GET /static/debug_toolbar/css/print.css HTTP/1.1" 200 29 (2018-08-02 10:28:38; basehttp.py:124)
INFO:django.server: "GET /static/js/csrf.js HTTP/1.1" 200 617 (2018-08-02 10:28:38; basehttp.py:124)
INFO:django.server: "GET /static/debug_toolbar/css/toolbar.css HTTP/1.1" 200 8192 (2018-08-02 10:28:38; basehttp.py:124)
INFO:django.server: "GET /static/js/news.js HTTP/1.1" 200 4247 (2018-08-02 10:28:38; basehttp.py:124)
INFO:django.server: "GET /accounts/ajax/count_posts/?pk=3 HTTP/1.1" 200 18 (2018-08-02 10:28:38; basehttp.py:124)
INFO:django.server: "GET /accounts/ajax/count_followers/?pk=3 HTTP/1.1" 200 22 (2018-08-02 10:28:38; basehttp.py:124)
INFO:django.server: "GET /news/post/1/?pk=16&action= HTTP/1.1" 200 22183 (2018-08-02 10:28:42; basehttp.py:124)
INFO:django.server: "GET /news/post/1/?pk=16&action= HTTP/1.1" 200 22183 (2018-08-02 10:28:46; basehttp.py:124)
INFO:django.server: "GET /static/css/style.css HTTP/1.1" 200 925 (2018-08-02 10:28:56; basehttp.py:124)
INFO:django.server: "GET /static/css/bootstrap-4.1.1-dist/css/bootstrap-reboot.css HTTP/1.1" 200 4856 (2018-08-02 10:28:56; basehttp.py:124)
INFO:django.server: "GET /static/css/bootstrap-4.1.1-dist/css/bootstrap.css HTTP/1.1" 200 173442 (2018-08-02 10:28:56; basehttp.py:124)
INFO:django.server: "GET /static/css/bootstrap-4.1.1-dist/css/bootstrap-grid.css HTTP/1.1" 200 37644 (2018-08-02 10:28:56; basehttp.py:124)
INFO:django.server: "GET /static/css/bootstrap-4.1.1-dist/css/bootstrap-reboot.css.map HTTP/1.1" 200 59663 (2018-08-02 10:28:56; basehttp.py:124)
INFO:django.server: "GET /static/css/bootstrap-4.1.1-dist/css/bootstrap.css.map HTTP/1.1" 304 0 (2018-08-02 10:28:56; basehttp.py:124)
INFO:django.server: "GET /static/css/bootstrap-4.1.1-dist/css/bootstrap-grid.css.map HTTP/1.1" 304 0 (2018-08-02 10:28:56; basehttp.py:124)
INFO:django.server: "GET /news/post/1/?pk=16&action= HTTP/1.1" 200 22183 (2018-08-02 10:29:07; basehttp.py:124)
INFO:django.server: "GET /news/post/1/ HTTP/1.1" 200 31771 (2018-08-02 10:31:34; basehttp.py:124)
INFO:django.server: "GET /static/css/bootstrap-4.1.1-dist/css/bootstrap-grid.css HTTP/1.1" 200 37644 (2018-08-02 10:31:34; basehttp.py:124)
INFO:django.server: "GET /static/css/bootstrap-4.1.1-dist/css/bootstrap-reboot.css HTTP/1.1" 200 4856 (2018-08-02 10:31:34; basehttp.py:124)
INFO:django.server: "GET /static/css/style_news_detail.css HTTP/1.1" 200 732 (2018-08-02 10:31:34; basehttp.py:124)
INFO:django.server: "GET /static/css/bootstrap-4.1.1-dist/css/bootstrap.css HTTP/1.1" 200 173442 (2018-08-02 10:31:34; basehttp.py:124)
INFO:django.server: "GET /static/css/style.css HTTP/1.1" 200 925 (2018-08-02 10:31:34; basehttp.py:124)
INFO:django.server: "GET /static/js/infinite.min.js HTTP/1.1" 200 1460 (2018-08-02 10:31:34; basehttp.py:124)
INFO:django.server: "GET /static/js/csrf.js HTTP/1.1" 200 617 (2018-08-02 10:31:34; basehttp.py:124)
INFO:django.server: "GET /static/js/jquery-3.3.1.min.js HTTP/1.1" 200 86927 (2018-08-02 10:31:34; basehttp.py:124)
INFO:django.server: "GET /static/js/news.js HTTP/1.1" 200 4301 (2018-08-02 10:31:34; basehttp.py:124)
INFO:django.server: "GET /static/js/app.js HTTP/1.1" 200 1015 (2018-08-02 10:31:34; basehttp.py:124)
INFO:django.server: "GET /static/debug_toolbar/css/print.css HTTP/1.1" 200 29 (2018-08-02 10:31:34; basehttp.py:124)
INFO:django.server: "GET /static/debug_toolbar/js/jquery_pre.js HTTP/1.1" 200 136 (2018-08-02 10:31:34; basehttp.py:124)
INFO:django.server: "GET /static/css/bootstrap-4.1.1-dist/js/bootstrap.js HTTP/1.1" 200 122579 (2018-08-02 10:31:34; basehttp.py:124)
INFO:django.server: "GET /static/css/bootstrap-4.1.1-dist/js/bootstrap.bundle.js HTTP/1.1" 200 211159 (2018-08-02 10:31:34; basehttp.py:124)
INFO:django.server: "GET /static/js/jquery.waypoints.min.js HTTP/1.1" 200 9028 (2018-08-02 10:31:34; basehttp.py:124)
INFO:django.server: "GET /static/debug_toolbar/js/jquery_post.js HTTP/1.1" 200 118 (2018-08-02 10:31:34; basehttp.py:124)
INFO:django.server: "GET /static/js/popper.min.js HTTP/1.1" 200 20456 (2018-08-02 10:31:34; basehttp.py:124)
INFO:django.server: "GET /static/debug_toolbar/js/toolbar.js HTTP/1.1" 200 12484 (2018-08-02 10:31:34; basehttp.py:124)
INFO:django.server: "GET /static/debug_toolbar/css/toolbar.css HTTP/1.1" 200 20322 (2018-08-02 10:31:34; basehttp.py:124)
INFO:django.server: "GET /static/user-default.png HTTP/1.1" 200 1245 (2018-08-02 10:31:34; basehttp.py:124)
INFO:django.server: "GET /media/images/news/image_sharpened.jpg HTTP/1.1" 200 105134 (2018-08-02 10:31:34; basehttp.py:124)
INFO:django.server: "GET /static/debug_toolbar/img/ajax-loader.gif HTTP/1.1" 200 404 (2018-08-02 10:31:34; basehttp.py:124)
INFO:django.server: "GET /accounts/ajax/count_posts/?pk=3 HTTP/1.1" 200 18 (2018-08-02 10:31:34; basehttp.py:124)
INFO:django.server: "GET /accounts/ajax/count_followers/?pk=3 HTTP/1.1" 200 22 (2018-08-02 10:31:34; basehttp.py:124)
INFO:django.server: "GET /static/css/bootstrap-4.1.1-dist/css/bootstrap-reboot.css.map HTTP/1.1" 304 0 (2018-08-02 10:31:34; basehttp.py:124)
INFO:django.server: "GET /static/css/bootstrap-4.1.1-dist/css/bootstrap.css.map HTTP/1.1" 304 0 (2018-08-02 10:31:34; basehttp.py:124)
INFO:django.server: "GET /static/css/bootstrap-4.1.1-dist/css/bootstrap-grid.css.map HTTP/1.1" 304 0 (2018-08-02 10:31:34; basehttp.py:124)
INFO:django.server: "GET /news/post/1/?pk=16&action= HTTP/1.1" 200 22183 (2018-08-02 10:31:35; basehttp.py:124)
INFO:django.server: "GET /news/post/1/?pk=16&action= HTTP/1.1" 200 22183 (2018-08-02 10:31:36; basehttp.py:124)
INFO:django.server: "GET /news/post/1/?pk=16&action= HTTP/1.1" 200 22183 (2018-08-02 10:31:37; basehttp.py:124)
INFO:django.server: "GET /news/post/1/ HTTP/1.1" 200 31771 (2018-08-02 10:32:10; basehttp.py:124)
INFO:django.server: "GET /static/css/bootstrap-4.1.1-dist/css/bootstrap-reboot.css HTTP/1.1" 200 4856 (2018-08-02 10:32:10; basehttp.py:124)
INFO:django.server: "GET /static/css/bootstrap-4.1.1-dist/css/bootstrap-grid.css HTTP/1.1" 200 37644 (2018-08-02 10:32:10; basehttp.py:124)
INFO:django.server: "GET /static/css/style_news_detail.css HTTP/1.1" 200 732 (2018-08-02 10:32:10; basehttp.py:124)
INFO:django.server: "GET /static/css/style.css HTTP/1.1" 200 925 (2018-08-02 10:32:10; basehttp.py:124)
INFO:django.server: "GET /static/css/bootstrap-4.1.1-dist/css/bootstrap.css HTTP/1.1" 200 173442 (2018-08-02 10:32:10; basehttp.py:124)
INFO:django.server: "GET /static/js/popper.min.js HTTP/1.1" 200 20456 (2018-08-02 10:32:10; basehttp.py:124)
INFO:django.server: "GET /static/js/jquery-3.3.1.min.js HTTP/1.1" 200 86927 (2018-08-02 10:32:10; basehttp.py:124)
INFO:django.server: "GET /static/js/csrf.js HTTP/1.1" 200 617 (2018-08-02 10:32:10; basehttp.py:124)
INFO:django.server: "GET /static/debug_toolbar/css/print.css HTTP/1.1" 200 29 (2018-08-02 10:32:10; basehttp.py:124)
INFO:django.server: "GET /static/debug_toolbar/js/jquery_pre.js HTTP/1.1" 200 136 (2018-08-02 10:32:10; basehttp.py:124)
INFO:django.server: "GET /static/js/app.js HTTP/1.1" 200 1015 (2018-08-02 10:32:10; basehttp.py:124)
INFO:django.server: "GET /static/js/jquery.waypoints.min.js HTTP/1.1" 200 9028 (2018-08-02 10:32:10; basehttp.py:124)
INFO:django.server: "GET /static/debug_toolbar/css/toolbar.css HTTP/1.1" 200 20322 (2018-08-02 10:32:10; basehttp.py:124)
INFO:django.server: "GET /static/debug_toolbar/js/jquery_post.js HTTP/1.1" 200 118 (2018-08-02 10:32:10; basehttp.py:124)
INFO:django.server: "GET /static/js/infinite.min.js HTTP/1.1" 200 1460 (2018-08-02 10:32:10; basehttp.py:124)
INFO:django.server: "GET /static/css/bootstrap-4.1.1-dist/js/bootstrap.bundle.js HTTP/1.1" 200 211159 (2018-08-02 10:32:10; basehttp.py:124)
INFO:django.server: "GET /static/js/news.js HTTP/1.1" 200 4301 (2018-08-02 10:32:10; basehttp.py:124)
INFO:django.server: "GET /static/debug_toolbar/js/toolbar.js HTTP/1.1" 200 12484 (2018-08-02 10:32:10; basehttp.py:124)
INFO:django.server: "GET /static/css/bootstrap-4.1.1-dist/js/bootstrap.js HTTP/1.1" 200 122579 (2018-08-02 10:32:10; basehttp.py:124)
INFO:django.server: "GET /media/images/news/image_sharpened.jpg HTTP/1.1" 200 105134 (2018-08-02 10:32:10; basehttp.py:124)
INFO:django.server: "GET /static/user-default.png HTTP/1.1" 200 1245 (2018-08-02 10:32:10; basehttp.py:124)
INFO:django.server: "GET /static/debug_toolbar/img/ajax-loader.gif HTTP/1.1" 200 404 (2018-08-02 10:32:10; basehttp.py:124)
INFO:django.server: "GET /accounts/ajax/count_posts/?pk=3 HTTP/1.1" 200 18 (2018-08-02 10:32:10; basehttp.py:124)
INFO:django.server: "GET /accounts/ajax/count_followers/?pk=3 HTTP/1.1" 200 22 (2018-08-02 10:32:10; basehttp.py:124)
INFO:django.server: "GET /static/css/bootstrap-4.1.1-dist/css/bootstrap-reboot.css.map HTTP/1.1" 304 0 (2018-08-02 10:32:10; basehttp.py:124)
INFO:django.server: "GET /static/css/bootstrap-4.1.1-dist/css/bootstrap.css.map HTTP/1.1" 304 0 (2018-08-02 10:32:10; basehttp.py:124)
INFO:django.server: "GET /static/css/bootstrap-4.1.1-dist/css/bootstrap-grid.css.map HTTP/1.1" 304 0 (2018-08-02 10:32:10; basehttp.py:124)
INFO:django.server: "GET /news/post/1/ HTTP/1.1" 200 31771 (2018-08-02 10:32:31; basehttp.py:124)
INFO:django.server: "GET /static/css/bootstrap-4.1.1-dist/css/bootstrap-reboot.css HTTP/1.1" 200 4856 (2018-08-02 10:32:31; basehttp.py:124)
INFO:django.server: "GET /static/css/style.css HTTP/1.1" 200 925 (2018-08-02 10:32:31; basehttp.py:124)
INFO:django.server: "GET /static/css/bootstrap-4.1.1-dist/css/bootstrap.css HTTP/1.1" 200 173442 (2018-08-02 10:32:31; basehttp.py:124)
INFO:django.server: "GET /static/css/bootstrap-4.1.1-dist/css/bootstrap-grid.css HTTP/1.1" 200 37644 (2018-08-02 10:32:31; basehttp.py:124)
INFO:django.server: "GET /static/css/style_news_detail.css HTTP/1.1" 200 732 (2018-08-02 10:32:31; basehttp.py:124)
INFO:django.server: "GET /static/js/popper.min.js HTTP/1.1" 200 20456 (2018-08-02 10:32:31; basehttp.py:124)
INFO:django.server: "GET /static/js/jquery-3.3.1.min.js HTTP/1.1" 200 86927 (2018-08-02 10:32:31; basehttp.py:124)
INFO:django.server: "GET /static/js/csrf.js HTTP/1.1" 200 617 (2018-08-02 10:32:31; basehttp.py:124)
INFO:django.server: "GET /static/debug_toolbar/css/toolbar.css HTTP/1.1" 200 20322 (2018-08-02 10:32:31; basehttp.py:124)
INFO:django.server: "GET /static/js/jquery.waypoints.min.js HTTP/1.1" 200 9028 (2018-08-02 10:32:31; basehttp.py:124)
INFO:django.server: "GET /static/js/news.js HTTP/1.1" 200 4301 (2018-08-02 10:32:31; basehttp.py:124)
INFO:django.server: "GET /static/debug_toolbar/js/toolbar.js HTTP/1.1" 200 12484 (2018-08-02 10:32:31; basehttp.py:124)
INFO:django.server: "GET /static/debug_toolbar/js/jquery_pre.js HTTP/1.1" 200 136 (2018-08-02 10:32:31; basehttp.py:124)
INFO:django.server: "GET /static/debug_toolbar/css/print.css HTTP/1.1" 200 29 (2018-08-02 10:32:31; basehttp.py:124)
INFO:django.server: "GET /static/js/infinite.min.js HTTP/1.1" 200 1460 (2018-08-02 10:32:31; basehttp.py:124)
INFO:django.server: "GET /static/css/bootstrap-4.1.1-dist/js/bootstrap.js HTTP/1.1" 200 122579 (2018-08-02 10:32:31; basehttp.py:124)
INFO:django.server: "GET /static/debug_toolbar/js/jquery_post.js HTTP/1.1" 200 118 (2018-08-02 10:32:31; basehttp.py:124)
INFO:django.server: "GET /static/css/bootstrap-4.1.1-dist/js/bootstrap.bundle.js HTTP/1.1" 200 211159 (2018-08-02 10:32:31; basehttp.py:124)
INFO:django.server: "GET /static/js/app.js HTTP/1.1" 200 1015 (2018-08-02 10:32:31; basehttp.py:124)
INFO:django.server: "GET /static/user-default.png HTTP/1.1" 200 1245 (2018-08-02 10:32:31; basehttp.py:124)
INFO:django.server: "GET /media/images/news/image_sharpened.jpg HTTP/1.1" 200 105134 (2018-08-02 10:32:32; basehttp.py:124)
INFO:django.server: "GET /static/debug_toolbar/img/ajax-loader.gif HTTP/1.1" 200 404 (2018-08-02 10:32:32; basehttp.py:124)
INFO:django.server: "GET /accounts/ajax/count_posts/?pk=3 HTTP/1.1" 200 18 (2018-08-02 10:32:32; basehttp.py:124)
INFO:django.server: "GET /accounts/ajax/count_followers/?pk=3 HTTP/1.1" 200 22 (2018-08-02 10:32:32; basehttp.py:124)
INFO:django.server: "GET /static/css/bootstrap-4.1.1-dist/css/bootstrap-reboot.css.map HTTP/1.1" 304 0 (2018-08-02 10:32:32; basehttp.py:124)
INFO:django.server: "GET /static/css/bootstrap-4.1.1-dist/css/bootstrap.css.map HTTP/1.1" 304 0 (2018-08-02 10:32:32; basehttp.py:124)
INFO:django.server: "GET /static/css/bootstrap-4.1.1-dist/css/bootstrap-grid.css.map HTTP/1.1" 304 0 (2018-08-02 10:32:32; basehttp.py:124)
INFO:django.server: "GET /news/post/1/ HTTP/1.1" 200 31771 (2018-08-02 10:33:18; basehttp.py:124)
INFO:django.server: "GET /static/css/bootstrap-4.1.1-dist/css/bootstrap-reboot.css HTTP/1.1" 200 4856 (2018-08-02 10:33:18; basehttp.py:124)
INFO:django.server: "GET /static/css/bootstrap-4.1.1-dist/css/bootstrap-grid.css HTTP/1.1" 200 37644 (2018-08-02 10:33:18; basehttp.py:124)
INFO:django.server: "GET /static/css/bootstrap-4.1.1-dist/css/bootstrap.css HTTP/1.1" 200 173442 (2018-08-02 10:33:18; basehttp.py:124)
INFO:django.server: "GET /static/css/style_news_detail.css HTTP/1.1" 200 732 (2018-08-02 10:33:18; basehttp.py:124)
INFO:django.server: "GET /static/css/style.css HTTP/1.1" 200 925 (2018-08-02 10:33:18; basehttp.py:124)
INFO:django.server: "GET /static/js/jquery-3.3.1.min.js HTTP/1.1" 200 86927 (2018-08-02 10:33:18; basehttp.py:124)
INFO:django.server: "GET /static/js/jquery.waypoints.min.js HTTP/1.1" 200 9028 (2018-08-02 10:33:18; basehttp.py:124)
INFO:django.server: "GET /static/js/csrf.js HTTP/1.1" 200 617 (2018-08-02 10:33:18; basehttp.py:124)
INFO:django.server: "GET /static/js/popper.min.js HTTP/1.1" 200 20456 (2018-08-02 10:33:18; basehttp.py:124)
INFO:django.server: "GET /static/css/bootstrap-4.1.1-dist/js/bootstrap.js HTTP/1.1" 200 122579 (2018-08-02 10:33:18; basehttp.py:124)
INFO:django.server: "GET /static/js/infinite.min.js HTTP/1.1" 200 1460 (2018-08-02 10:33:18; basehttp.py:124)
INFO:django.server: "GET /static/js/news.js HTTP/1.1" 200 4301 (2018-08-02 10:33:18; basehttp.py:124)
INFO:django.server: "GET /static/debug_toolbar/css/print.css HTTP/1.1" 200 29 (2018-08-02 10:33:18; basehttp.py:124)
INFO:django.server: "GET /static/js/app.js HTTP/1.1" 200 1015 (2018-08-02 10:33:18; basehttp.py:124)
INFO:django.server: "GET /static/debug_toolbar/js/jquery_post.js HTTP/1.1" 200 118 (2018-08-02 10:33:18; basehttp.py:124)
INFO:django.server: "GET /static/debug_toolbar/js/jquery_pre.js HTTP/1.1" 200 136 (2018-08-02 10:33:18; basehttp.py:124)
INFO:django.server: "GET /static/debug_toolbar/css/toolbar.css HTTP/1.1" 200 20322 (2018-08-02 10:33:18; basehttp.py:124)
INFO:django.server: "GET /static/css/bootstrap-4.1.1-dist/js/bootstrap.bundle.js HTTP/1.1" 200 211159 (2018-08-02 10:33:18; basehttp.py:124)
INFO:django.server: "GET /static/debug_toolbar/js/toolbar.js HTTP/1.1" 200 12484 (2018-08-02 10:33:18; basehttp.py:124)
INFO:django.server: "GET /media/images/news/image_sharpened.jpg HTTP/1.1" 200 105134 (2018-08-02 10:33:18; basehttp.py:124)
INFO:django.server: "GET /static/user-default.png HTTP/1.1" 200 1245 (2018-08-02 10:33:18; basehttp.py:124)
INFO:django.server: "GET /static/debug_toolbar/img/ajax-loader.gif HTTP/1.1" 200 404 (2018-08-02 10:33:18; basehttp.py:124)
INFO:django.server: "GET /accounts/ajax/count_posts/?pk=3 HTTP/1.1" 200 18 (2018-08-02 10:33:18; basehttp.py:124)
INFO:django.server: "GET /accounts/ajax/count_followers/?pk=3 HTTP/1.1" 200 22 (2018-08-02 10:33:18; basehttp.py:124)
INFO:django.server: "GET /static/css/bootstrap-4.1.1-dist/css/bootstrap-reboot.css.map HTTP/1.1" 304 0 (2018-08-02 10:33:19; basehttp.py:124)
INFO:django.server: "GET /static/css/bootstrap-4.1.1-dist/css/bootstrap.css.map HTTP/1.1" 304 0 (2018-08-02 10:33:19; basehttp.py:124)
INFO:django.server: "GET /static/css/bootstrap-4.1.1-dist/css/bootstrap-grid.css.map HTTP/1.1" 304 0 (2018-08-02 10:33:19; basehttp.py:124)
INFO:django.server: "GET /news/ HTTP/1.1" 200 21820 (2018-08-02 10:33:24; basehttp.py:124)
INFO:django.server: "GET /static/css/bootstrap-4.1.1-dist/css/bootstrap-reboot.css HTTP/1.1" 200 4856 (2018-08-02 10:33:24; basehttp.py:124)
INFO:django.server: "GET /static/css/bootstrap-4.1.1-dist/css/bootstrap.css HTTP/1.1" 200 173442 (2018-08-02 10:33:24; basehttp.py:124)
INFO:django.server: "GET /static/css/bootstrap-4.1.1-dist/css/bootstrap-grid.css HTTP/1.1" 200 37644 (2018-08-02 10:33:24; basehttp.py:124)
INFO:django.server: "GET /static/css/style.css HTTP/1.1" 200 925 (2018-08-02 10:33:24; basehttp.py:124)
INFO:django.server: "GET /static/css/style_news.css HTTP/1.1" 200 392 (2018-08-02 10:33:24; basehttp.py:124)
INFO:django.server: "GET /static/js/jquery-3.3.1.min.js HTTP/1.1" 200 86927 (2018-08-02 10:33:24; basehttp.py:124)
INFO:django.server: "GET /static/js/popper.min.js HTTP/1.1" 200 20456 (2018-08-02 10:33:24; basehttp.py:124)
INFO:django.server: "GET /static/debug_toolbar/css/print.css HTTP/1.1" 200 29 (2018-08-02 10:33:24; basehttp.py:124)
INFO:django.server: "GET /static/js/app.js HTTP/1.1" 200 1015 (2018-08-02 10:33:24; basehttp.py:124)
INFO:django.server: "GET /static/css/bootstrap-4.1.1-dist/js/bootstrap.bundle.js HTTP/1.1" 200 211159 (2018-08-02 10:33:24; basehttp.py:124)
INFO:django.server: "GET /static/debug_toolbar/js/jquery_pre.js HTTP/1.1" 200 136 (2018-08-02 10:33:24; basehttp.py:124)
INFO:django.server: "GET /static/debug_toolbar/js/toolbar.js HTTP/1.1" 200 12484 (2018-08-02 10:33:24; basehttp.py:124)
INFO:django.server: "GET /static/js/jquery.waypoints.min.js HTTP/1.1" 200 9028 (2018-08-02 10:33:24; basehttp.py:124)
INFO:django.server: "GET /static/css/bootstrap-4.1.1-dist/js/bootstrap.js HTTP/1.1" 200 122579 (2018-08-02 10:33:24; basehttp.py:124)
INFO:django.server: "GET /static/debug_toolbar/css/toolbar.css HTTP/1.1" 200 20322 (2018-08-02 10:33:24; basehttp.py:124)
INFO:django.server: "GET /static/js/infinite.min.js HTTP/1.1" 200 1460 (2018-08-02 10:33:24; basehttp.py:124)
INFO:django.server: "GET /static/debug_toolbar/js/jquery_post.js HTTP/1.1" 200 118 (2018-08-02 10:33:24; basehttp.py:124)
INFO:django.server: "GET /media/images/news/image_sharpened.jpg HTTP/1.1" 200 105134 (2018-08-02 10:33:24; basehttp.py:124)
INFO:django.server: "GET /static/debug_toolbar/img/ajax-loader.gif HTTP/1.1" 200 404 (2018-08-02 10:33:24; basehttp.py:124)
INFO:django.server: "GET /accounts/ajax/count_posts/?pk=3 HTTP/1.1" 200 18 (2018-08-02 10:33:24; basehttp.py:124)
INFO:django.server: "GET /accounts/ajax/count_followers/?pk=3 HTTP/1.1" 200 22 (2018-08-02 10:33:24; basehttp.py:124)
INFO:django.server: "GET /static/css/bootstrap-4.1.1-dist/css/bootstrap-reboot.css.map HTTP/1.1" 304 0 (2018-08-02 10:33:24; basehttp.py:124)
INFO:django.server: "GET /static/css/bootstrap-4.1.1-dist/css/bootstrap.css.map HTTP/1.1" 304 0 (2018-08-02 10:33:24; basehttp.py:124)
INFO:django.server: "GET /static/css/bootstrap-4.1.1-dist/css/bootstrap-grid.css.map HTTP/1.1" 304 0 (2018-08-02 10:33:24; basehttp.py:124)
INFO:django.server: "GET /news/post/1/ HTTP/1.1" 200 31771 (2018-08-02 10:33:29; basehttp.py:124)
INFO:django.server: "GET /static/css/bootstrap-4.1.1-dist/css/bootstrap.css HTTP/1.1" 200 173442 (2018-08-02 10:33:29; basehttp.py:124)
INFO:django.server: "GET /static/css/bootstrap-4.1.1-dist/css/bootstrap-grid.css HTTP/1.1" 200 37644 (2018-08-02 10:33:29; basehttp.py:124)
INFO:django.server: "GET /static/css/bootstrap-4.1.1-dist/css/bootstrap-reboot.css HTTP/1.1" 200 4856 (2018-08-02 10:33:29; basehttp.py:124)
INFO:django.server: "GET /static/css/style.css HTTP/1.1" 200 925 (2018-08-02 10:33:29; basehttp.py:124)
INFO:django.server: "GET /static/js/jquery-3.3.1.min.js HTTP/1.1" 200 86927 (2018-08-02 10:33:29; basehttp.py:124)
INFO:django.server: "GET /static/css/style_news_detail.css HTTP/1.1" 200 732 (2018-08-02 10:33:29; basehttp.py:124)
INFO:django.server: "GET /static/js/csrf.js HTTP/1.1" 200 617 (2018-08-02 10:33:29; basehttp.py:124)
INFO:django.server: "GET /static/js/popper.min.js HTTP/1.1" 200 20456 (2018-08-02 10:33:29; basehttp.py:124)
INFO:django.server: "GET /static/js/news.js HTTP/1.1" 200 4301 (2018-08-02 10:33:29; basehttp.py:124)
INFO:django.server: "GET /static/css/bootstrap-4.1.1-dist/js/bootstrap.js HTTP/1.1" 200 122579 (2018-08-02 10:33:29; basehttp.py:124)
INFO:django.server: "GET /static/debug_toolbar/css/toolbar.css HTTP/1.1" 200 20322 (2018-08-02 10:33:29; basehttp.py:124)
INFO:django.server: "GET /static/debug_toolbar/js/jquery_pre.js HTTP/1.1" 200 136 (2018-08-02 10:33:29; basehttp.py:124)
INFO:django.server: "GET /static/debug_toolbar/css/print.css HTTP/1.1" 200 29 (2018-08-02 10:33:29; basehttp.py:124)
INFO:django.server: "GET /static/js/infinite.min.js HTTP/1.1" 200 1460 (2018-08-02 10:33:29; basehttp.py:124)
INFO:django.server: "GET /static/debug_toolbar/js/toolbar.js HTTP/1.1" 200 12484 (2018-08-02 10:33:29; basehttp.py:124)
INFO:django.server: "GET /static/css/bootstrap-4.1.1-dist/js/bootstrap.bundle.js HTTP/1.1" 200 211159 (2018-08-02 10:33:29; basehttp.py:124)
INFO:django.server: "GET /static/js/app.js HTTP/1.1" 200 1015 (2018-08-02 10:33:29; basehttp.py:124)
INFO:django.server: "GET /static/debug_toolbar/js/jquery_post.js HTTP/1.1" 200 118 (2018-08-02 10:33:29; basehttp.py:124)
INFO:django.server: "GET /static/js/jquery.waypoints.min.js HTTP/1.1" 200 9028 (2018-08-02 10:33:30; basehttp.py:124)
INFO:django.server: "GET /static/user-default.png HTTP/1.1" 200 1245 (2018-08-02 10:33:30; basehttp.py:124)
INFO:django.server: "GET /media/images/news/image_sharpened.jpg HTTP/1.1" 200 105134 (2018-08-02 10:33:30; basehttp.py:124)
INFO:django.server: "GET /static/debug_toolbar/img/ajax-loader.gif HTTP/1.1" 200 404 (2018-08-02 10:33:30; basehttp.py:124)
INFO:django.server: "GET /accounts/ajax/count_posts/?pk=3 HTTP/1.1" 200 18 (2018-08-02 10:33:30; basehttp.py:124)
INFO:django.server: "GET /accounts/ajax/count_followers/?pk=3 HTTP/1.1" 200 22 (2018-08-02 10:33:30; basehttp.py:124)
INFO:django.server: "GET /static/css/bootstrap-4.1.1-dist/css/bootstrap-reboot.css.map HTTP/1.1" 304 0 (2018-08-02 10:33:30; basehttp.py:124)
INFO:django.server: "GET /static/css/bootstrap-4.1.1-dist/css/bootstrap.css.map HTTP/1.1" 304 0 (2018-08-02 10:33:30; basehttp.py:124)
INFO:django.server: "GET /static/css/bootstrap-4.1.1-dist/css/bootstrap-grid.css.map HTTP/1.1" 304 0 (2018-08-02 10:33:30; basehttp.py:124)
INFO:django.server: "GET /news/post/1/ HTTP/1.1" 200 31942 (2018-08-02 10:34:30; basehttp.py:124)
INFO:django.server: "GET /static/css/bootstrap-4.1.1-dist/css/bootstrap-grid.css HTTP/1.1" 200 37644 (2018-08-02 10:34:30; basehttp.py:124)
INFO:django.server: "GET /static/css/bootstrap-4.1.1-dist/css/bootstrap-reboot.css HTTP/1.1" 200 4856 (2018-08-02 10:34:30; basehttp.py:124)
INFO:django.server: "GET /static/css/bootstrap-4.1.1-dist/css/bootstrap.css HTTP/1.1" 200 173442 (2018-08-02 10:34:30; basehttp.py:124)
INFO:django.server: "GET /static/css/style.css HTTP/1.1" 200 925 (2018-08-02 10:34:30; basehttp.py:124)
INFO:django.server: "GET /static/css/style_news_detail.css HTTP/1.1" 200 732 (2018-08-02 10:34:30; basehttp.py:124)
INFO:django.server: "GET /static/js/jquery-3.3.1.min.js HTTP/1.1" 200 86927 (2018-08-02 10:34:30; basehttp.py:124)
INFO:django.server: "GET /static/css/bootstrap-4.1.1-dist/js/bootstrap.bundle.js HTTP/1.1" 200 211159 (2018-08-02 10:34:30; basehttp.py:124)
INFO:django.server: "GET /static/js/news.js HTTP/1.1" 200 4301 (2018-08-02 10:34:30; basehttp.py:124)
INFO:django.server: "GET /static/js/app.js HTTP/1.1" 200 1015 (2018-08-02 10:34:30; basehttp.py:124)
INFO:django.server: "GET /static/debug_toolbar/css/print.css HTTP/1.1" 200 29 (2018-08-02 10:34:30; basehttp.py:124)
INFO:django.server: "GET /static/debug_toolbar/js/jquery_pre.js HTTP/1.1" 200 136 (2018-08-02 10:34:30; basehttp.py:124)
INFO:django.server: "GET /static/js/infinite.min.js HTTP/1.1" 200 1460 (2018-08-02 10:34:30; basehttp.py:124)
INFO:django.server: "GET /static/debug_toolbar/js/toolbar.js HTTP/1.1" 200 12484 (2018-08-02 10:34:30; basehttp.py:124)
INFO:django.server: "GET /static/js/csrf.js HTTP/1.1" 200 617 (2018-08-02 10:34:30; basehttp.py:124)
INFO:django.server: "GET /static/css/bootstrap-4.1.1-dist/js/bootstrap.js HTTP/1.1" 200 122579 (2018-08-02 10:34:30; basehttp.py:124)
INFO:django.server: "GET /static/debug_toolbar/css/toolbar.css HTTP/1.1" 200 20322 (2018-08-02 10:34:30; basehttp.py:124)
INFO:django.server: "GET /static/js/jquery.waypoints.min.js HTTP/1.1" 200 9028 (2018-08-02 10:34:30; basehttp.py:124)
INFO:django.server: "GET /static/debug_toolbar/js/jquery_post.js HTTP/1.1" 200 118 (2018-08-02 10:34:30; basehttp.py:124)
INFO:django.server: "GET /static/js/popper.min.js HTTP/1.1" 200 20456 (2018-08-02 10:34:30; basehttp.py:124)
INFO:django.server: "GET /media/images/news/image_sharpened.jpg HTTP/1.1" 200 105134 (2018-08-02 10:34:30; basehttp.py:124)
INFO:django.server: "GET /static/user-default.png HTTP/1.1" 200 1245 (2018-08-02 10:34:30; basehttp.py:124)
INFO:django.server: "GET /static/debug_toolbar/img/ajax-loader.gif HTTP/1.1" 200 404 (2018-08-02 10:34:30; basehttp.py:124)
INFO:django.server: "GET /accounts/ajax/count_followers/?pk=3 HTTP/1.1" 200 22 (2018-08-02 10:34:30; basehttp.py:124)
INFO:django.server: "GET /accounts/ajax/count_posts/?pk=3 HTTP/1.1" 200 18 (2018-08-02 10:34:30; basehttp.py:124)
INFO:django.server: "GET /static/css/bootstrap-4.1.1-dist/css/bootstrap-reboot.css.map HTTP/1.1" 304 0 (2018-08-02 10:34:30; basehttp.py:124)
INFO:django.server: "GET /static/css/bootstrap-4.1.1-dist/css/bootstrap.css.map HTTP/1.1" 304 0 (2018-08-02 10:34:30; basehttp.py:124)
INFO:django.server: "GET /static/css/bootstrap-4.1.1-dist/css/bootstrap-grid.css.map HTTP/1.1" 304 0 (2018-08-02 10:34:30; basehttp.py:124)
INFO:django.server: "GET /news/post/1/ HTTP/1.1" 200 31950 (2018-08-02 10:35:23; basehttp.py:124)
INFO:django.server: "GET /static/css/bootstrap-4.1.1-dist/css/bootstrap.css HTTP/1.1" 200 173442 (2018-08-02 10:35:23; basehttp.py:124)
INFO:django.server: "GET /static/css/bootstrap-4.1.1-dist/css/bootstrap-reboot.css HTTP/1.1" 200 4856 (2018-08-02 10:35:23; basehttp.py:124)
INFO:django.server: "GET /static/css/bootstrap-4.1.1-dist/css/bootstrap-grid.css HTTP/1.1" 200 37644 (2018-08-02 10:35:23; basehttp.py:124)
INFO:django.server: "GET /static/css/style.css HTTP/1.1" 200 925 (2018-08-02 10:35:23; basehttp.py:124)
INFO:django.server: "GET /static/css/style_news_detail.css HTTP/1.1" 200 732 (2018-08-02 10:35:23; basehttp.py:124)
INFO:django.server: "GET /static/js/jquery-3.3.1.min.js HTTP/1.1" 200 86927 (2018-08-02 10:35:23; basehttp.py:124)
INFO:django.server: "GET /static/js/infinite.min.js HTTP/1.1" 200 1460 (2018-08-02 10:35:23; basehttp.py:124)
INFO:django.server: "GET /static/css/bootstrap-4.1.1-dist/js/bootstrap.js HTTP/1.1" 200 122579 (2018-08-02 10:35:23; basehttp.py:124)
INFO:django.server: "GET /static/debug_toolbar/css/print.css HTTP/1.1" 200 29 (2018-08-02 10:35:23; basehttp.py:124)
INFO:django.server: "GET /static/js/csrf.js HTTP/1.1" 200 617 (2018-08-02 10:35:23; basehttp.py:124)
INFO:django.server: "GET /static/js/popper.min.js HTTP/1.1" 200 20456 (2018-08-02 10:35:23; basehttp.py:124)
INFO:django.server: "GET /static/css/bootstrap-4.1.1-dist/js/bootstrap.bundle.js HTTP/1.1" 200 211159 (2018-08-02 10:35:23; basehttp.py:124)
INFO:django.server: "GET /static/js/news.js HTTP/1.1" 200 4301 (2018-08-02 10:35:23; basehttp.py:124)
INFO:django.server: "GET /static/debug_toolbar/css/toolbar.css HTTP/1.1" 200 20322 (2018-08-02 10:35:23; basehttp.py:124)
INFO:django.server: "GET /static/debug_toolbar/js/jquery_post.js HTTP/1.1" 200 118 (2018-08-02 10:35:23; basehttp.py:124)
INFO:django.server: "GET /static/js/app.js HTTP/1.1" 200 1015 (2018-08-02 10:35:23; basehttp.py:124)
INFO:django.server: "GET /static/debug_toolbar/js/jquery_pre.js HTTP/1.1" 200 136 (2018-08-02 10:35:23; basehttp.py:124)
INFO:django.server: "GET /static/js/jquery.waypoints.min.js HTTP/1.1" 200 9028 (2018-08-02 10:35:23; basehttp.py:124)
INFO:django.server: "GET /static/debug_toolbar/js/toolbar.js HTTP/1.1" 200 12484 (2018-08-02 10:35:23; basehttp.py:124)
INFO:django.server: "GET /static/user-default.png HTTP/1.1" 200 1245 (2018-08-02 10:35:23; basehttp.py:124)
INFO:django.server: "GET /media/images/news/image_sharpened.jpg HTTP/1.1" 200 105134 (2018-08-02 10:35:23; basehttp.py:124)
INFO:django.server: "GET /static/debug_toolbar/img/ajax-loader.gif HTTP/1.1" 200 404 (2018-08-02 10:35:23; basehttp.py:124)
INFO:django.server: "GET /accounts/ajax/count_posts/?pk=3 HTTP/1.1" 200 18 (2018-08-02 10:35:23; basehttp.py:124)
INFO:django.server: "GET /accounts/ajax/count_followers/?pk=3 HTTP/1.1" 200 22 (2018-08-02 10:35:23; basehttp.py:124)
INFO:django.server: "GET /static/css/bootstrap-4.1.1-dist/css/bootstrap.css.map HTTP/1.1" 304 0 (2018-08-02 10:35:24; basehttp.py:124)
INFO:django.server: "GET /static/css/bootstrap-4.1.1-dist/css/bootstrap-grid.css.map HTTP/1.1" 304 0 (2018-08-02 10:35:24; basehttp.py:124)
INFO:django.server: "GET /static/css/bootstrap-4.1.1-dist/css/bootstrap-reboot.css.map HTTP/1.1" 304 0 (2018-08-02 10:35:24; basehttp.py:124)
INFO:django.server: "GET /news/post/1/ HTTP/1.1" 200 33879 (2018-08-02 10:37:14; basehttp.py:124)
INFO:django.server: "GET /static/css/bootstrap-4.1.1-dist/css/bootstrap-reboot.css HTTP/1.1" 200 4856 (2018-08-02 10:37:14; basehttp.py:124)
INFO:django.server: "GET /static/css/style.css HTTP/1.1" 200 925 (2018-08-02 10:37:14; basehttp.py:124)
INFO:django.server: "GET /static/css/bootstrap-4.1.1-dist/css/bootstrap-grid.css HTTP/1.1" 200 37644 (2018-08-02 10:37:14; basehttp.py:124)
INFO:django.server: "GET /static/css/bootstrap-4.1.1-dist/css/bootstrap.css HTTP/1.1" 200 173442 (2018-08-02 10:37:14; basehttp.py:124)
INFO:django.server: "GET /static/css/style_news_detail.css HTTP/1.1" 200 732 (2018-08-02 10:37:14; basehttp.py:124)
INFO:django.server: "GET /static/js/news.js HTTP/1.1" 200 2852 (2018-08-02 10:37:14; basehttp.py:124)
INFO:django.server: "GET /static/js/jquery-3.3.1.min.js HTTP/1.1" 200 86927 (2018-08-02 10:37:14; basehttp.py:124)
INFO:django.server: "GET /static/js/jquery.waypoints.min.js HTTP/1.1" 200 9028 (2018-08-02 10:37:14; basehttp.py:124)
INFO:django.server: "GET /static/debug_toolbar/css/print.css HTTP/1.1" 200 29 (2018-08-02 10:37:14; basehttp.py:124)
INFO:django.server: "GET /static/css/bootstrap-4.1.1-dist/js/bootstrap.bundle.js HTTP/1.1" 200 211159 (2018-08-02 10:37:14; basehttp.py:124)
INFO:django.server: "GET /static/js/csrf.js HTTP/1.1" 200 617 (2018-08-02 10:37:14; basehttp.py:124)
INFO:django.server: "GET /static/debug_toolbar/js/toolbar.js HTTP/1.1" 200 12484 (2018-08-02 10:37:14; basehttp.py:124)
INFO:django.server: "GET /static/css/bootstrap-4.1.1-dist/js/bootstrap.js HTTP/1.1" 200 122579 (2018-08-02 10:37:14; basehttp.py:124)
INFO:django.server: "GET /static/debug_toolbar/js/jquery_post.js HTTP/1.1" 200 118 (2018-08-02 10:37:14; basehttp.py:124)
INFO:django.server: "GET /static/js/app.js HTTP/1.1" 200 1015 (2018-08-02 10:37:14; basehttp.py:124)
INFO:django.server: "GET /static/js/infinite.min.js HTTP/1.1" 200 1460 (2018-08-02 10:37:14; basehttp.py:124)
INFO:django.server: "GET /static/debug_toolbar/css/toolbar.css HTTP/1.1" 200 20322 (2018-08-02 10:37:14; basehttp.py:124)
INFO:django.server: "GET /static/debug_toolbar/js/jquery_pre.js HTTP/1.1" 200 136 (2018-08-02 10:37:14; basehttp.py:124)
INFO:django.server: "GET /static/js/popper.min.js HTTP/1.1" 200 20456 (2018-08-02 10:37:14; basehttp.py:124)
INFO:django.server: "GET /static/user-default.png HTTP/1.1" 200 1245 (2018-08-02 10:37:14; basehttp.py:124)
INFO:django.server: "GET /media/images/news/image_sharpened.jpg HTTP/1.1" 200 105134 (2018-08-02 10:37:14; basehttp.py:124)
INFO:django.server: "GET /static/debug_toolbar/img/ajax-loader.gif HTTP/1.1" 200 404 (2018-08-02 10:37:14; basehttp.py:124)
INFO:django.server: "GET /accounts/ajax/count_posts/?pk=3 HTTP/1.1" 200 18 (2018-08-02 10:37:14; basehttp.py:124)
INFO:django.server: "GET /accounts/ajax/count_followers/?pk=3 HTTP/1.1" 200 22 (2018-08-02 10:37:14; basehttp.py:124)
INFO:django.server: "GET /static/css/bootstrap-4.1.1-dist/css/bootstrap-reboot.css.map HTTP/1.1" 304 0 (2018-08-02 10:37:14; basehttp.py:124)
INFO:django.server: "GET /static/css/bootstrap-4.1.1-dist/css/bootstrap.css.map HTTP/1.1" 304 0 (2018-08-02 10:37:14; basehttp.py:124)
INFO:django.server: "GET /static/css/bootstrap-4.1.1-dist/css/bootstrap-grid.css.map HTTP/1.1" 304 0 (2018-08-02 10:37:14; basehttp.py:124)
INFO:django.server: "GET /news/post/1/ HTTP/1.1" 200 33879 (2018-08-02 10:37:57; basehttp.py:124)
INFO:django.server: "GET /static/css/bootstrap-4.1.1-dist/css/bootstrap-reboot.css HTTP/1.1" 200 4856 (2018-08-02 10:37:57; basehttp.py:124)
INFO:django.server: "GET /static/css/bootstrap-4.1.1-dist/css/bootstrap.css HTTP/1.1" 200 173442 (2018-08-02 10:37:57; basehttp.py:124)
INFO:django.server: "GET /static/css/bootstrap-4.1.1-dist/css/bootstrap-grid.css HTTP/1.1" 200 37644 (2018-08-02 10:37:57; basehttp.py:124)
INFO:django.server: "GET /static/css/style.css HTTP/1.1" 200 925 (2018-08-02 10:37:57; basehttp.py:124)
INFO:django.server: "GET /static/css/style_news_detail.css HTTP/1.1" 200 732 (2018-08-02 10:37:57; basehttp.py:124)
INFO:django.server: "GET /static/js/jquery-3.3.1.min.js HTTP/1.1" 200 86927 (2018-08-02 10:37:57; basehttp.py:124)
INFO:django.server: "GET /static/css/bootstrap-4.1.1-dist/js/bootstrap.bundle.js HTTP/1.1" 200 211159 (2018-08-02 10:37:57; basehttp.py:124)
INFO:django.server: "GET /static/js/infinite.min.js HTTP/1.1" 200 1460 (2018-08-02 10:37:57; basehttp.py:124)
INFO:django.server: "GET /static/js/jquery.waypoints.min.js HTTP/1.1" 200 9028 (2018-08-02 10:37:57; basehttp.py:124)
INFO:django.server: "GET /static/js/news.js HTTP/1.1" 200 2852 (2018-08-02 10:37:57; basehttp.py:124)
INFO:django.server: "GET /static/debug_toolbar/css/print.css HTTP/1.1" 200 29 (2018-08-02 10:37:57; basehttp.py:124)
INFO:django.server: "GET /static/debug_toolbar/js/jquery_pre.js HTTP/1.1" 200 136 (2018-08-02 10:37:57; basehttp.py:124)
INFO:django.server: "GET /static/debug_toolbar/js/toolbar.js HTTP/1.1" 200 12484 (2018-08-02 10:37:57; basehttp.py:124)
INFO:django.server: "GET /static/js/popper.min.js HTTP/1.1" 200 20456 (2018-08-02 10:37:57; basehttp.py:124)
INFO:django.server: "GET /static/js/app.js HTTP/1.1" 200 1015 (2018-08-02 10:37:57; basehttp.py:124)
INFO:django.server: "GET /static/debug_toolbar/css/toolbar.css HTTP/1.1" 200 20322 (2018-08-02 10:37:57; basehttp.py:124)
INFO:django.server: "GET /static/css/bootstrap-4.1.1-dist/js/bootstrap.js HTTP/1.1" 200 122579 (2018-08-02 10:37:57; basehttp.py:124)
INFO:django.server: "GET /static/js/csrf.js HTTP/1.1" 200 617 (2018-08-02 10:37:57; basehttp.py:124)
INFO:django.server: "GET /static/debug_toolbar/js/jquery_post.js HTTP/1.1" 200 118 (2018-08-02 10:37:57; basehttp.py:124)
INFO:django.server: "GET /static/user-default.png HTTP/1.1" 200 1245 (2018-08-02 10:37:57; basehttp.py:124)
INFO:django.server: "GET /media/images/news/image_sharpened.jpg HTTP/1.1" 200 105134 (2018-08-02 10:37:57; basehttp.py:124)
INFO:django.server: "GET /static/debug_toolbar/img/ajax-loader.gif HTTP/1.1" 200 404 (2018-08-02 10:37:57; basehttp.py:124)
INFO:django.server: "GET /accounts/ajax/count_posts/?pk=3 HTTP/1.1" 200 18 (2018-08-02 10:37:57; basehttp.py:124)
INFO:django.server: "GET /accounts/ajax/count_followers/?pk=3 HTTP/1.1" 200 22 (2018-08-02 10:37:57; basehttp.py:124)
INFO:django.server: "GET /static/css/bootstrap-4.1.1-dist/css/bootstrap-reboot.css.map HTTP/1.1" 304 0 (2018-08-02 10:37:58; basehttp.py:124)
INFO:django.server: "GET /static/css/bootstrap-4.1.1-dist/css/bootstrap.css.map HTTP/1.1" 304 0 (2018-08-02 10:37:58; basehttp.py:124)
INFO:django.server: "GET /static/css/bootstrap-4.1.1-dist/css/bootstrap-grid.css.map HTTP/1.1" 304 0 (2018-08-02 10:37:58; basehttp.py:124)
INFO:django.server: "GET /news/post/1/ HTTP/1.1" 200 24291 (2018-08-02 10:37:59; basehttp.py:124)
INFO:django.server: "GET /news/post/1/ HTTP/1.1" 200 24291 (2018-08-02 10:38:00; basehttp.py:124)
INFO:django.server: "GET /news/post/1/ HTTP/1.1" 200 24291 (2018-08-02 10:38:07; basehttp.py:124)
INFO:django.server: "GET /news/post/1/ HTTP/1.1" 200 24291 (2018-08-02 10:38:10; basehttp.py:124)
INFO:django.server: "GET /news/post/1/ HTTP/1.1" 200 33947 (2018-08-02 10:43:21; basehttp.py:124)
INFO:django.server: "GET /static/css/bootstrap-4.1.1-dist/css/bootstrap-reboot.css HTTP/1.1" 200 4856 (2018-08-02 10:43:21; basehttp.py:124)
INFO:django.server: "GET /static/css/style.css HTTP/1.1" 200 925 (2018-08-02 10:43:21; basehttp.py:124)
INFO:django.server: "GET /static/css/bootstrap-4.1.1-dist/css/bootstrap-grid.css HTTP/1.1" 200 37644 (2018-08-02 10:43:21; basehttp.py:124)
INFO:django.server: "GET /static/css/style_news_detail.css HTTP/1.1" 200 732 (2018-08-02 10:43:21; basehttp.py:124)
INFO:django.server: "GET /static/js/popper.min.js HTTP/1.1" 200 20456 (2018-08-02 10:43:21; basehttp.py:124)
INFO:django.server: "GET /static/css/bootstrap-4.1.1-dist/css/bootstrap.css HTTP/1.1" 200 173442 (2018-08-02 10:43:21; basehttp.py:124)
INFO:django.server: "GET /static/js/jquery-3.3.1.min.js HTTP/1.1" 200 86927 (2018-08-02 10:43:21; basehttp.py:124)
INFO:django.server: "GET /static/js/jquery.waypoints.min.js HTTP/1.1" 200 9028 (2018-08-02 10:43:21; basehttp.py:124)
INFO:django.server: "GET /static/js/infinite.min.js HTTP/1.1" 200 1460 (2018-08-02 10:43:21; basehttp.py:124)
INFO:django.server: "GET /static/debug_toolbar/css/toolbar.css HTTP/1.1" 200 20322 (2018-08-02 10:43:21; basehttp.py:124)
INFO:django.server: "GET /static/css/bootstrap-4.1.1-dist/js/bootstrap.js HTTP/1.1" 200 122579 (2018-08-02 10:43:21; basehttp.py:124)
INFO:django.server: "GET /static/js/news.js HTTP/1.1" 200 2852 (2018-08-02 10:43:21; basehttp.py:124)
INFO:django.server: "GET /static/debug_toolbar/js/jquery_pre.js HTTP/1.1" 200 136 (2018-08-02 10:43:21; basehttp.py:124)
INFO:django.server: "GET /static/js/app.js HTTP/1.1" 200 1015 (2018-08-02 10:43:21; basehttp.py:124)
INFO:django.server: "GET /static/debug_toolbar/js/toolbar.js HTTP/1.1" 200 12484 (2018-08-02 10:43:21; basehttp.py:124)
INFO:django.server: "GET /static/debug_toolbar/js/jquery_post.js HTTP/1.1" 200 118 (2018-08-02 10:43:21; basehttp.py:124)
INFO:django.server: "GET /static/css/bootstrap-4.1.1-dist/js/bootstrap.bundle.js HTTP/1.1" 200 211159 (2018-08-02 10:43:21; basehttp.py:124)
INFO:django.server: "GET /static/js/csrf.js HTTP/1.1" 200 617 (2018-08-02 10:43:21; basehttp.py:124)
INFO:django.server: "GET /static/debug_toolbar/css/print.css HTTP/1.1" 200 29 (2018-08-02 10:43:21; basehttp.py:124)
INFO:django.server: "GET /static/user-default.png HTTP/1.1" 200 1245 (2018-08-02 10:43:21; basehttp.py:124)
INFO:django.server: "GET /media/images/news/image_sharpened.jpg HTTP/1.1" 200 105134 (2018-08-02 10:43:21; basehttp.py:124)
INFO:django.server: "GET /static/debug_toolbar/img/ajax-loader.gif HTTP/1.1" 200 404 (2018-08-02 10:43:21; basehttp.py:124)
INFO:django.server: "GET /accounts/ajax/count_posts/?pk=3 HTTP/1.1" 200 18 (2018-08-02 10:43:21; basehttp.py:124)
INFO:django.server: "GET /accounts/ajax/count_followers/?pk=3 HTTP/1.1" 200 22 (2018-08-02 10:43:21; basehttp.py:124)
INFO:django.server: "GET /static/css/bootstrap-4.1.1-dist/css/bootstrap-reboot.css.map HTTP/1.1" 304 0 (2018-08-02 10:43:21; basehttp.py:124)
INFO:django.server: "GET /static/css/bootstrap-4.1.1-dist/css/bootstrap-grid.css.map HTTP/1.1" 304 0 (2018-08-02 10:43:21; basehttp.py:124)
INFO:django.server: "GET /static/css/bootstrap-4.1.1-dist/css/bootstrap.css.map HTTP/1.1" 304 0 (2018-08-02 10:43:21; basehttp.py:124)
ERROR:blog.views: 'widget_tweaks' is not a registered tag library. Must be one of:
admin_list
admin_modify
admin_static
admin_urls
cache
i18n
l10n
log
rest_framework
static
staticfiles
tz (2018-08-02 10:43:52; views.py:134)
INFO:django.server: "GET /news/comment/20/edit/ HTTP/1.1" 200 19 (2018-08-02 10:43:55; basehttp.py:124)
INFO:django.server: "GET /news/comment/20/edit/ HTTP/1.1" 200 1264 (2018-08-02 10:45:09; basehttp.py:124)
INFO:django.server: "GET /news/comment/16/edit/ HTTP/1.1" 200 1247 (2018-08-02 10:45:26; basehttp.py:124)
INFO:django.server: "GET /news/post/1/ HTTP/1.1" 200 33950 (2018-08-02 10:46:26; basehttp.py:124)
INFO:django.server: "GET /static/css/bootstrap-4.1.1-dist/css/bootstrap.css HTTP/1.1" 200 173442 (2018-08-02 10:46:26; basehttp.py:124)
INFO:django.server: "GET /static/css/style.css HTTP/1.1" 200 925 (2018-08-02 10:46:26; basehttp.py:124)
INFO:django.server: "GET /static/css/bootstrap-4.1.1-dist/css/bootstrap-reboot.css HTTP/1.1" 200 4856 (2018-08-02 10:46:26; basehttp.py:124)
INFO:django.server: "GET /static/css/style_news_detail.css HTTP/1.1" 200 732 (2018-08-02 10:46:26; basehttp.py:124)
INFO:django.server: "GET /static/css/bootstrap-4.1.1-dist/css/bootstrap-grid.css HTTP/1.1" 200 37644 (2018-08-02 10:46:26; basehttp.py:124)
INFO:django.server: "GET /static/css/bootstrap-4.1.1-dist/js/bootstrap.js HTTP/1.1" 200 122579 (2018-08-02 10:46:26; basehttp.py:124)
INFO:django.server: "GET /static/js/app.js HTTP/1.1" 200 1015 (2018-08-02 10:46:26; basehttp.py:124)
INFO:django.server: "GET /static/js/jquery.waypoints.min.js HTTP/1.1" 200 9028 (2018-08-02 10:46:26; basehttp.py:124)
INFO:django.server: "GET /static/js/jquery-3.3.1.min.js HTTP/1.1" 200 86927 (2018-08-02 10:46:26; basehttp.py:124)
INFO:django.server: "GET /static/js/infinite.min.js HTTP/1.1" 200 1460 (2018-08-02 10:46:26; basehttp.py:124)
INFO:django.server: "GET /static/debug_toolbar/css/print.css HTTP/1.1" 200 29 (2018-08-02 10:46:26; basehttp.py:124)
INFO:django.server: "GET /static/debug_toolbar/js/jquery_post.js HTTP/1.1" 200 118 (2018-08-02 10:46:26; basehttp.py:124)
INFO:django.server: "GET /static/debug_toolbar/js/jquery_pre.js HTTP/1.1" 200 136 (2018-08-02 10:46:26; basehttp.py:124)
INFO:django.server: "GET /static/js/news.js HTTP/1.1" 200 2852 (2018-08-02 10:46:26; basehttp.py:124)
INFO:django.server: "GET /static/js/popper.min.js HTTP/1.1" 200 20456 (2018-08-02 10:46:26; basehttp.py:124)
INFO:django.server: "GET /static/debug_toolbar/css/toolbar.css HTTP/1.1" 200 20322 (2018-08-02 10:46:26; basehttp.py:124)
INFO:django.server: "GET /static/js/csrf.js HTTP/1.1" 200 617 (2018-08-02 10:46:26; basehttp.py:124)
INFO:django.server: "GET /static/debug_toolbar/js/toolbar.js HTTP/1.1" 200 12484 (2018-08-02 10:46:26; basehttp.py:124)
INFO:django.server: "GET /static/css/bootstrap-4.1.1-dist/js/bootstrap.bundle.js HTTP/1.1" 200 211159 (2018-08-02 10:46:26; basehttp.py:124)
INFO:django.server: "GET /media/images/news/image_sharpened.jpg HTTP/1.1" 200 105134 (2018-08-02 10:46:26; basehttp.py:124)
INFO:django.server: "GET /static/user-default.png HTTP/1.1" 200 1245 (2018-08-02 10:46:26; basehttp.py:124)
INFO:django.server: "GET /static/debug_toolbar/img/ajax-loader.gif HTTP/1.1" 200 404 (2018-08-02 10:46:26; basehttp.py:124)
INFO:django.server: "GET /accounts/ajax/count_posts/?pk=3 HTTP/1.1" 200 18 (2018-08-02 10:46:26; basehttp.py:124)
INFO:django.server: "GET /accounts/ajax/count_followers/?pk=3 HTTP/1.1" 200 22 (2018-08-02 10:46:26; basehttp.py:124)
INFO:django.server: "GET /static/css/bootstrap-4.1.1-dist/css/bootstrap-reboot.css.map HTTP/1.1" 304 0 (2018-08-02 10:46:26; basehttp.py:124)
INFO:django.server: "GET /static/css/bootstrap-4.1.1-dist/css/bootstrap.css.map HTTP/1.1" 304 0 (2018-08-02 10:46:26; basehttp.py:124)
INFO:django.server: "GET /static/css/bootstrap-4.1.1-dist/css/bootstrap-grid.css.map HTTP/1.1" 200 97648 (2018-08-02 10:46:26; basehttp.py:124)
INFO:django.server: "GET /news/comment/16/edit/ HTTP/1.1" 200 1247 (2018-08-02 10:46:29; basehttp.py:124)
INFO:django.server: "GET /news/comment/20/edit/ HTTP/1.1" 200 1264 (2018-08-02 10:46:44; basehttp.py:124)
INFO:django.server: "GET /news/post/1/ HTTP/1.1" 200 33950 (2018-08-02 10:47:29; basehttp.py:124)
INFO:django.server: "GET /static/css/bootstrap-4.1.1-dist/css/bootstrap-reboot.css HTTP/1.1" 200 4856 (2018-08-02 10:47:29; basehttp.py:124)
INFO:django.server: "GET /static/css/style.css HTTP/1.1" 200 925 (2018-08-02 10:47:29; basehttp.py:124)
INFO:django.server: "GET /static/css/bootstrap-4.1.1-dist/css/bootstrap-grid.css HTTP/1.1" 200 37644 (2018-08-02 10:47:29; basehttp.py:124)
INFO:django.server: "GET /static/css/style_news_detail.css HTTP/1.1" 200 732 (2018-08-02 10:47:29; basehttp.py:124)
INFO:django.server: "GET /static/css/bootstrap-4.1.1-dist/css/bootstrap.css HTTP/1.1" 200 173442 (2018-08-02 10:47:29; basehttp.py:124)
INFO:django.server: "GET /static/js/jquery-3.3.1.min.js HTTP/1.1" 200 86927 (2018-08-02 10:47:29; basehttp.py:124)
INFO:django.server: "GET /static/js/infinite.min.js HTTP/1.1" 200 1460 (2018-08-02 10:47:29; basehttp.py:124)
INFO:django.server: "GET /static/js/jquery.waypoints.min.js HTTP/1.1" 200 9028 (2018-08-02 10:47:29; basehttp.py:124)
INFO:django.server: "GET /static/js/news.js HTTP/1.1" 200 2852 (2018-08-02 10:47:29; basehttp.py:124)
INFO:django.server: "GET /static/js/app.js HTTP/1.1" 200 1015 (2018-08-02 10:47:29; basehttp.py:124)
INFO:django.server: "GET /static/debug_toolbar/css/print.css HTTP/1.1" 200 29 (2018-08-02 10:47:29; basehttp.py:124)
INFO:django.server: "GET /static/debug_toolbar/js/jquery_pre.js HTTP/1.1" 200 136 (2018-08-02 10:47:29; basehttp.py:124)
INFO:django.server: "GET /static/debug_toolbar/js/toolbar.js HTTP/1.1" 200 12484 (2018-08-02 10:47:29; basehttp.py:124)
INFO:django.server: "GET /static/css/bootstrap-4.1.1-dist/js/bootstrap.js HTTP/1.1" 200 122579 (2018-08-02 10:47:29; basehttp.py:124)
INFO:django.server: "GET /static/js/csrf.js HTTP/1.1" 200 617 (2018-08-02 10:47:29; basehttp.py:124)
INFO:django.server: "GET /static/debug_toolbar/css/toolbar.css HTTP/1.1" 200 20322 (2018-08-02 10:47:29; basehttp.py:124)
INFO:django.server: "GET /static/css/bootstrap-4.1.1-dist/js/bootstrap.bundle.js HTTP/1.1" 200 211159 (2018-08-02 10:47:29; basehttp.py:124)
INFO:django.server: "GET /static/js/popper.min.js HTTP/1.1" 200 20456 (2018-08-02 10:47:29; basehttp.py:124)
INFO:django.server: "GET /static/debug_toolbar/js/jquery_post.js HTTP/1.1" 200 118 (2018-08-02 10:47:29; basehttp.py:124)
INFO:django.server: "GET /static/user-default.png HTTP/1.1" 200 1245 (2018-08-02 10:47:30; basehttp.py:124)
INFO:django.server: "GET /static/debug_toolbar/img/ajax-loader.gif HTTP/1.1" 200 404 (2018-08-02 10:47:30; basehttp.py:124)
INFO:django.server: "GET /media/images/news/image_sharpened.jpg HTTP/1.1" 200 105134 (2018-08-02 10:47:30; basehttp.py:124)
INFO:django.server: "GET /accounts/ajax/count_posts/?pk=3 HTTP/1.1" 200 18 (2018-08-02 10:47:30; basehttp.py:124)
INFO:django.server: "GET /accounts/ajax/count_followers/?pk=3 HTTP/1.1" 200 22 (2018-08-02 10:47:30; basehttp.py:124)
INFO:django.server: "GET /static/css/bootstrap-4.1.1-dist/css/bootstrap-reboot.css.map HTTP/1.1" 304 0 (2018-08-02 10:47:30; basehttp.py:124)
INFO:django.server: "GET /static/css/bootstrap-4.1.1-dist/css/bootstrap.css.map HTTP/1.1" 304 0 (2018-08-02 10:47:30; basehttp.py:124)
INFO:django.server: "GET /static/css/bootstrap-4.1.1-dist/css/bootstrap-grid.css.map HTTP/1.1" 304 0 (2018-08-02 10:47:30; basehttp.py:124)
INFO:django.server: "GET /news/comment/20/edit/ HTTP/1.1" 200 1267 (2018-08-02 10:47:34; basehttp.py:124)
INFO:django.server: "POST /news/comment/20/edit/ HTTP/1.1" 200 1291 (2018-08-02 10:47:59; basehttp.py:124)
INFO:django.server: "GET /news/post/1/ HTTP/1.1" 200 33950 (2018-08-02 10:48:03; basehttp.py:124)
INFO:django.server: "GET /static/css/bootstrap-4.1.1-dist/css/bootstrap-reboot.css HTTP/1.1" 200 4856 (2018-08-02 10:48:03; basehttp.py:124)
INFO:django.server: "GET /static/css/bootstrap-4.1.1-dist/css/bootstrap-grid.css HTTP/1.1" 200 37644 (2018-08-02 10:48:03; basehttp.py:124)
INFO:django.server: "GET /static/css/style.css HTTP/1.1" 200 925 (2018-08-02 10:48:03; basehttp.py:124)
INFO:django.server: "GET /static/css/bootstrap-4.1.1-dist/css/bootstrap.css HTTP/1.1" 200 173442 (2018-08-02 10:48:03; basehttp.py:124)
INFO:django.server: "GET /static/js/popper.min.js HTTP/1.1" 200 20456 (2018-08-02 10:48:03; basehttp.py:124)
INFO:django.server: "GET /static/css/style_news_detail.css HTTP/1.1" 200 732 (2018-08-02 10:48:03; basehttp.py:124)
INFO:django.server: "GET /static/js/jquery-3.3.1.min.js HTTP/1.1" 200 86927 (2018-08-02 10:48:03; basehttp.py:124)
INFO:django.server: "GET /static/js/jquery.waypoints.min.js HTTP/1.1" 200 9028 (2018-08-02 10:48:03; basehttp.py:124)
INFO:django.server: "GET /static/js/csrf.js HTTP/1.1" 200 617 (2018-08-02 10:48:03; basehttp.py:124)
INFO:django.server: "GET /static/js/app.js HTTP/1.1" 200 1015 (2018-08-02 10:48:03; basehttp.py:124)
INFO:django.server: "GET /static/debug_toolbar/js/toolbar.js HTTP/1.1" 200 12484 (2018-08-02 10:48:03; basehttp.py:124)
INFO:django.server: "GET /static/debug_toolbar/js/jquery_post.js HTTP/1.1" 200 118 (2018-08-02 10:48:03; basehttp.py:124)
INFO:django.server: "GET /static/debug_toolbar/js/jquery_pre.js HTTP/1.1" 200 136 (2018-08-02 10:48:03; basehttp.py:124)
INFO:django.server: "GET /static/js/news.js HTTP/1.1" 200 2852 (2018-08-02 10:48:03; basehttp.py:124)
INFO:django.server: "GET /static/debug_toolbar/css/print.css HTTP/1.1" 200 29 (2018-08-02 10:48:03; basehttp.py:124)
INFO:django.server: "GET /static/js/infinite.min.js HTTP/1.1" 200 1460 (2018-08-02 10:48:03; basehttp.py:124)
INFO:django.server: "GET /static/debug_toolbar/css/toolbar.css HTTP/1.1" 200 20322 (2018-08-02 10:48:03; basehttp.py:124)
INFO:django.server: "GET /static/css/bootstrap-4.1.1-dist/js/bootstrap.bundle.js HTTP/1.1" 200 211159 (2018-08-02 10:48:03; basehttp.py:124)
INFO:django.server: "GET /static/css/bootstrap-4.1.1-dist/js/bootstrap.js HTTP/1.1" 200 122579 (2018-08-02 10:48:03; basehttp.py:124)
INFO:django.server: "GET /static/user-default.png HTTP/1.1" 200 1245 (2018-08-02 10:48:03; basehttp.py:124)
INFO:django.server: "GET /media/images/news/image_sharpened.jpg HTTP/1.1" 200 105134 (2018-08-02 10:48:03; basehttp.py:124)
INFO:django.server: "GET /static/debug_toolbar/img/ajax-loader.gif HTTP/1.1" 200 404 (2018-08-02 10:48:04; basehttp.py:124)
INFO:django.server: "GET /accounts/ajax/count_posts/?pk=3 HTTP/1.1" 200 18 (2018-08-02 10:48:04; basehttp.py:124)
INFO:django.server: "GET /accounts/ajax/count_followers/?pk=3 HTTP/1.1" 200 22 (2018-08-02 10:48:04; basehttp.py:124)
INFO:django.server: "GET /static/css/bootstrap-4.1.1-dist/css/bootstrap-reboot.css.map HTTP/1.1" 304 0 (2018-08-02 10:48:04; basehttp.py:124)
INFO:django.server: "GET /static/css/bootstrap-4.1.1-dist/css/bootstrap.css.map HTTP/1.1" 304 0 (2018-08-02 10:48:04; basehttp.py:124)
INFO:django.server: "GET /static/css/bootstrap-4.1.1-dist/css/bootstrap-grid.css.map HTTP/1.1" 304 0 (2018-08-02 10:48:04; basehttp.py:124)
INFO:django.server: "GET /news/comment/20/edit/ HTTP/1.1" 200 1267 (2018-08-02 10:48:22; basehttp.py:124)
INFO:django.server: "POST /news/comment/20/edit/ HTTP/1.1" 200 1295 (2018-08-02 10:48:40; basehttp.py:124)
INFO:django.server: "GET /news/post/1/ HTTP/1.1" 200 33955 (2018-08-02 10:48:45; basehttp.py:124)
INFO:django.server: "GET /static/css/bootstrap-4.1.1-dist/css/bootstrap-reboot.css HTTP/1.1" 200 4856 (2018-08-02 10:48:45; basehttp.py:124)
INFO:django.server: "GET /static/css/bootstrap-4.1.1-dist/css/bootstrap-grid.css HTTP/1.1" 200 37644 (2018-08-02 10:48:45; basehttp.py:124)
INFO:django.server: "GET /static/css/style_news_detail.css HTTP/1.1" 200 732 (2018-08-02 10:48:45; basehttp.py:124)
INFO:django.server: "GET /static/css/bootstrap-4.1.1-dist/css/bootstrap.css HTTP/1.1" 200 173442 (2018-08-02 10:48:45; basehttp.py:124)
INFO:django.server: "GET /static/css/style.css HTTP/1.1" 200 925 (2018-08-02 10:48:45; basehttp.py:124)
INFO:django.server: "GET /static/js/jquery-3.3.1.min.js HTTP/1.1" 200 86927 (2018-08-02 10:48:45; basehttp.py:124)
INFO:django.server: "GET /static/js/popper.min.js HTTP/1.1" 200 20456 (2018-08-02 10:48:45; basehttp.py:124)
INFO:django.server: "GET /static/js/jquery.waypoints.min.js HTTP/1.1" 200 9028 (2018-08-02 10:48:45; basehttp.py:124)
INFO:django.server: "GET /static/js/app.js HTTP/1.1" 200 1015 (2018-08-02 10:48:45; basehttp.py:124)
INFO:django.server: "GET /static/debug_toolbar/css/toolbar.css HTTP/1.1" 200 20322 (2018-08-02 10:48:45; basehttp.py:124)
INFO:django.server: "GET /static/js/news.js HTTP/1.1" 200 2852 (2018-08-02 10:48:45; basehttp.py:124)
INFO:django.server: "GET /static/debug_toolbar/js/jquery_pre.js HTTP/1.1" 200 136 (2018-08-02 10:48:45; basehttp.py:124)
INFO:django.server: "GET /static/css/bootstrap-4.1.1-dist/js/bootstrap.bundle.js HTTP/1.1" 200 211159 (2018-08-02 10:48:45; basehttp.py:124)
INFO:django.server: "GET /static/debug_toolbar/js/toolbar.js HTTP/1.1" 200 12484 (2018-08-02 10:48:45; basehttp.py:124)
INFO:django.server: "GET /static/js/csrf.js HTTP/1.1" 200 617 (2018-08-02 10:48:45; basehttp.py:124)
INFO:django.server: "GET /static/css/bootstrap-4.1.1-dist/js/bootstrap.js HTTP/1.1" 200 122579 (2018-08-02 10:48:45; basehttp.py:124)
INFO:django.server: "GET /static/debug_toolbar/js/jquery_post.js HTTP/1.1" 200 118 (2018-08-02 10:48:45; basehttp.py:124)
INFO:django.server: "GET /static/js/infinite.min.js HTTP/1.1" 200 1460 (2018-08-02 10:48:45; basehttp.py:124)
INFO:django.server: "GET /static/debug_toolbar/css/print.css HTTP/1.1" 200 29 (2018-08-02 10:48:45; basehttp.py:124)
INFO:django.server: "GET /media/images/news/image_sharpened.jpg HTTP/1.1" 200 105134 (2018-08-02 10:48:45; basehttp.py:124)
INFO:django.server: "GET /static/user-default.png HTTP/1.1" 200 1245 (2018-08-02 10:48:45; basehttp.py:124)
INFO:django.server: "GET /static/debug_toolbar/img/ajax-loader.gif HTTP/1.1" 200 404 (2018-08-02 10:48:45; basehttp.py:124)
INFO:django.server: "GET /accounts/ajax/count_posts/?pk=3 HTTP/1.1" 200 18 (2018-08-02 10:48:45; basehttp.py:124)
INFO:django.server: "GET /accounts/ajax/count_followers/?pk=3 HTTP/1.1" 200 22 (2018-08-02 10:48:45; basehttp.py:124)
INFO:django.server: "GET /static/css/bootstrap-4.1.1-dist/css/bootstrap-reboot.css.map HTTP/1.1" 304 0 (2018-08-02 10:48:46; basehttp.py:124)
INFO:django.server: "GET /static/css/bootstrap-4.1.1-dist/css/bootstrap.css.map HTTP/1.1" 304 0 (2018-08-02 10:48:46; basehttp.py:124)
INFO:django.server: "GET /static/css/bootstrap-4.1.1-dist/css/bootstrap-grid.css.map HTTP/1.1" 304 0 (2018-08-02 10:48:46; basehttp.py:124)
INFO:django.server: "GET /news/post/1/ HTTP/1.1" 200 34008 (2018-08-02 10:54:54; basehttp.py:124)
INFO:django.server: "GET /static/css/style.css HTTP/1.1" 200 925 (2018-08-02 10:54:54; basehttp.py:124)
INFO:django.server: "GET /static/css/bootstrap-4.1.1-dist/css/bootstrap-grid.css HTTP/1.1" 200 37644 (2018-08-02 10:54:54; basehttp.py:124)
INFO:django.server: "GET /static/css/bootstrap-4.1.1-dist/css/bootstrap-reboot.css HTTP/1.1" 200 4856 (2018-08-02 10:54:54; basehttp.py:124)
INFO:django.server: "GET /static/css/style_news_detail.css HTTP/1.1" 200 732 (2018-08-02 10:54:54; basehttp.py:124)
INFO:django.server: "GET /static/js/jquery-3.3.1.min.js HTTP/1.1" 200 86927 (2018-08-02 10:54:54; basehttp.py:124)
INFO:django.server: "GET /static/js/infinite.min.js HTTP/1.1" 200 1460 (2018-08-02 10:54:54; basehttp.py:124)
INFO:django.server: "GET /static/js/popper.min.js HTTP/1.1" 200 20456 (2018-08-02 10:54:54; basehttp.py:124)
INFO:django.server: "GET /static/css/bootstrap-4.1.1-dist/css/bootstrap.css HTTP/1.1" 200 173442 (2018-08-02 10:54:54; basehttp.py:124)
INFO:django.server: "GET /static/js/app.js HTTP/1.1" 200 1015 (2018-08-02 10:54:54; basehttp.py:124)
INFO:django.server: "GET /static/js/csrf.js HTTP/1.1" 200 617 (2018-08-02 10:54:54; basehttp.py:124)
INFO:django.server: "GET /static/debug_toolbar/css/toolbar.css HTTP/1.1" 200 20322 (2018-08-02 10:54:54; basehttp.py:124)
INFO:django.server: "GET /static/css/bootstrap-4.1.1-dist/js/bootstrap.js HTTP/1.1" 200 122579 (2018-08-02 10:54:54; basehttp.py:124)
INFO:django.server: "GET /static/debug_toolbar/js/toolbar.js HTTP/1.1" 200 12484 (2018-08-02 10:54:54; basehttp.py:124)
INFO:django.server: "GET /static/css/bootstrap-4.1.1-dist/js/bootstrap.bundle.js HTTP/1.1" 200 211159 (2018-08-02 10:54:54; basehttp.py:124)
INFO:django.server: "GET /static/debug_toolbar/css/print.css HTTP/1.1" 200 29 (2018-08-02 10:54:54; basehttp.py:124)
INFO:django.server: "GET /static/debug_toolbar/js/jquery_pre.js HTTP/1.1" 200 136 (2018-08-02 10:54:54; basehttp.py:124)
INFO:django.server: "GET /static/debug_toolbar/js/jquery_post.js HTTP/1.1" 200 118 (2018-08-02 10:54:54; basehttp.py:124)
INFO:django.server: "GET /static/js/news.js HTTP/1.1" 200 2852 (2018-08-02 10:54:54; basehttp.py:124)
INFO:django.server: "GET /static/js/jquery.waypoints.min.js HTTP/1.1" 200 9028 (2018-08-02 10:54:54; basehttp.py:124)
INFO:django.server: "GET /media/images/news/image_sharpened.jpg HTTP/1.1" 200 105134 (2018-08-02 10:54:54; basehttp.py:124)
INFO:django.server: "GET /static/user-default.png HTTP/1.1" 200 1245 (2018-08-02 10:54:54; basehttp.py:124)
INFO:django.server: "GET /static/debug_toolbar/img/ajax-loader.gif HTTP/1.1" 200 404 (2018-08-02 10:54:54; basehttp.py:124)
INFO:django.server: "GET /accounts/ajax/count_posts/?pk=3 HTTP/1.1" 200 18 (2018-08-02 10:54:54; basehttp.py:124)
INFO:django.server: "GET /accounts/ajax/count_followers/?pk=3 HTTP/1.1" 200 22 (2018-08-02 10:54:54; basehttp.py:124)
INFO:django.server: "GET /static/css/bootstrap-4.1.1-dist/css/bootstrap-reboot.css.map HTTP/1.1" 304 0 (2018-08-02 10:54:55; basehttp.py:124)
INFO:django.server: "GET /static/css/bootstrap-4.1.1-dist/css/bootstrap.css.map HTTP/1.1" 304 0 (2018-08-02 10:54:55; basehttp.py:124)
INFO:django.server: "GET /static/css/bootstrap-4.1.1-dist/css/bootstrap-grid.css.map HTTP/1.1" 304 0 (2018-08-02 10:54:55; basehttp.py:124)
INFO:django.server: "GET /news/comment/20/edit/ HTTP/1.1" 200 1272 (2018-08-02 10:55:02; basehttp.py:124)
INFO:django.server: "GET /news/post/1/ HTTP/1.1" 200 34013 (2018-08-02 10:57:50; basehttp.py:124)
INFO:django.server: "GET /static/css/bootstrap-4.1.1-dist/css/bootstrap.css HTTP/1.1" 200 173442 (2018-08-02 10:57:50; basehttp.py:124)
INFO:django.server: "GET /static/css/bootstrap-4.1.1-dist/css/bootstrap-reboot.css HTTP/1.1" 200 4856 (2018-08-02 10:57:50; basehttp.py:124)
INFO:django.server: "GET /static/css/bootstrap-4.1.1-dist/css/bootstrap-grid.css HTTP/1.1" 200 37644 (2018-08-02 10:57:50; basehttp.py:124)
INFO:django.server: "GET /static/css/style.css HTTP/1.1" 200 925 (2018-08-02 10:57:50; basehttp.py:124)
INFO:django.server: "GET /static/css/style_news_detail.css HTTP/1.1" 200 732 (2018-08-02 10:57:50; basehttp.py:124)
INFO:django.server: "GET /static/js/jquery-3.3.1.min.js HTTP/1.1" 200 86927 (2018-08-02 10:57:50; basehttp.py:124)
INFO:django.server: "GET /static/js/jquery.waypoints.min.js HTTP/1.1" 200 9028 (2018-08-02 10:57:50; basehttp.py:124)
INFO:django.server: "GET /static/js/news.js HTTP/1.1" 200 2852 (2018-08-02 10:57:50; basehttp.py:124)
INFO:django.server: "GET /static/js/infinite.min.js HTTP/1.1" 200 1460 (2018-08-02 10:57:50; basehttp.py:124)
INFO:django.server: "GET /static/debug_toolbar/css/print.css HTTP/1.1" 200 29 (2018-08-02 10:57:50; basehttp.py:124)
INFO:django.server: "GET /static/css/bootstrap-4.1.1-dist/js/bootstrap.bundle.js HTTP/1.1" 200 211159 (2018-08-02 10:57:50; basehttp.py:124)
INFO:django.server: "GET /static/debug_toolbar/js/jquery_post.js HTTP/1.1" 200 118 (2018-08-02 10:57:50; basehttp.py:124)
INFO:django.server: "GET /static/js/csrf.js HTTP/1.1" 200 617 (2018-08-02 10:57:50; basehttp.py:124)
INFO:django.server: "GET /static/debug_toolbar/js/toolbar.js HTTP/1.1" 200 12484 (2018-08-02 10:57:50; basehttp.py:124)
INFO:django.server: "GET /static/js/popper.min.js HTTP/1.1" 200 20456 (2018-08-02 10:57:50; basehttp.py:124)
INFO:django.server: "GET /static/debug_toolbar/js/jquery_pre.js HTTP/1.1" 200 136 (2018-08-02 10:57:50; basehttp.py:124)
INFO:django.server: "GET /static/debug_toolbar/css/toolbar.css HTTP/1.1" 200 20322 (2018-08-02 10:57:50; basehttp.py:124)
INFO:django.server: "GET /static/js/app.js HTTP/1.1" 200 1015 (2018-08-02 10:57:50; basehttp.py:124)
INFO:django.server: "GET /static/css/bootstrap-4.1.1-dist/js/bootstrap.js HTTP/1.1" 200 122579 (2018-08-02 10:57:50; basehttp.py:124)
INFO:django.server: "GET /static/user-default.png HTTP/1.1" 200 1245 (2018-08-02 10:57:50; basehttp.py:124)
INFO:django.server: "GET /media/images/news/image_sharpened.jpg HTTP/1.1" 200 105134 (2018-08-02 10:57:50; basehttp.py:124)
INFO:django.server: "GET /static/debug_toolbar/img/ajax-loader.gif HTTP/1.1" 200 404 (2018-08-02 10:57:50; basehttp.py:124)
INFO:django.server: "GET /accounts/ajax/count_posts/?pk=3 HTTP/1.1" 200 18 (2018-08-02 10:57:50; basehttp.py:124)
INFO:django.server: "GET /accounts/ajax/count_followers/?pk=3 HTTP/1.1" 200 22 (2018-08-02 10:57:50; basehttp.py:124)
INFO:django.server: "GET /static/css/bootstrap-4.1.1-dist/css/bootstrap-reboot.css.map HTTP/1.1" 304 0 (2018-08-02 10:57:50; basehttp.py:124)
INFO:django.server: "GET /static/css/bootstrap-4.1.1-dist/css/bootstrap.css.map HTTP/1.1" 304 0 (2018-08-02 10:57:50; basehttp.py:124)
INFO:django.server: "GET /static/css/bootstrap-4.1.1-dist/css/bootstrap-grid.css.map HTTP/1.1" 304 0 (2018-08-02 10:57:50; basehttp.py:124)
INFO:django.server: "GET /news/comment/20/edit/ HTTP/1.1" 200 1277 (2018-08-02 10:57:55; basehttp.py:124)
INFO:django.server: "POST /news/comment/20/edit/ HTTP/1.1" 200 1300 (2018-08-02 10:58:18; basehttp.py:124)
INFO:django.server: "POST /news/post/comment/ HTTP/1.1" 200 95 (2018-08-02 10:59:19; basehttp.py:124)
INFO:django.server: "GET /news/post/1/ HTTP/1.1" 200 35853 (2018-08-02 11:01:23; basehttp.py:124)
INFO:django.server: "GET /static/css/bootstrap-4.1.1-dist/css/bootstrap-grid.css HTTP/1.1" 200 37644 (2018-08-02 11:01:23; basehttp.py:124)
INFO:django.server: "GET /static/css/bootstrap-4.1.1-dist/css/bootstrap.css HTTP/1.1" 200 173442 (2018-08-02 11:01:23; basehttp.py:124)
INFO:django.server: "GET /static/css/style.css HTTP/1.1" 200 925 (2018-08-02 11:01:23; basehttp.py:124)
INFO:django.server: "GET /static/js/jquery-3.3.1.min.js HTTP/1.1" 200 86927 (2018-08-02 11:01:23; basehttp.py:124)
INFO:django.server: "GET /static/css/bootstrap-4.1.1-dist/css/bootstrap-reboot.css HTTP/1.1" 200 4856 (2018-08-02 11:01:23; basehttp.py:124)
INFO:django.server: "GET /static/css/style_news_detail.css HTTP/1.1" 200 732 (2018-08-02 11:01:23; basehttp.py:124)
INFO:django.server: "GET /static/js/popper.min.js HTTP/1.1" 200 20456 (2018-08-02 11:01:23; basehttp.py:124)
INFO:django.server: "GET /static/css/bootstrap-4.1.1-dist/js/bootstrap.bundle.js HTTP/1.1" 200 211159 (2018-08-02 11:01:23; basehttp.py:124)
INFO:django.server: "GET /static/js/csrf.js HTTP/1.1" 200 617 (2018-08-02 11:01:23; basehttp.py:124)
INFO:django.server: "GET /static/debug_toolbar/css/print.css HTTP/1.1" 200 29 (2018-08-02 11:01:23; basehttp.py:124)
INFO:django.server: "GET /static/js/app.js HTTP/1.1" 200 1015 (2018-08-02 11:01:23; basehttp.py:124)
INFO:django.server: "GET /static/debug_toolbar/js/jquery_pre.js HTTP/1.1" 200 136 (2018-08-02 11:01:23; basehttp.py:124)
INFO:django.server: "GET /static/css/bootstrap-4.1.1-dist/js/bootstrap.js HTTP/1.1" 200 122579 (2018-08-02 11:01:23; basehttp.py:124)
INFO:django.server: "GET /static/js/jquery.waypoints.min.js HTTP/1.1" 200 9028 (2018-08-02 11:01:23; basehttp.py:124)
INFO:django.server: "GET /static/js/infinite.min.js HTTP/1.1" 200 1460 (2018-08-02 11:01:23; basehttp.py:124)
INFO:django.server: "GET /static/js/news.js HTTP/1.1" 200 2877 (2018-08-02 11:01:23; basehttp.py:124)
INFO:django.server: "GET /static/debug_toolbar/js/toolbar.js HTTP/1.1" 200 12484 (2018-08-02 11:01:23; basehttp.py:124)
INFO:django.server: "GET /static/debug_toolbar/css/toolbar.css HTTP/1.1" 200 20322 (2018-08-02 11:01:23; basehttp.py:124)
INFO:django.server: "GET /static/debug_toolbar/js/jquery_post.js HTTP/1.1" 200 118 (2018-08-02 11:01:23; basehttp.py:124)
INFO:django.server: "GET /media/images/news/image_sharpened.jpg HTTP/1.1" 200 105134 (2018-08-02 11:01:23; basehttp.py:124)
INFO:django.server: "GET /static/user-default.png HTTP/1.1" 200 1245 (2018-08-02 11:01:23; basehttp.py:124)
INFO:django.server: "GET /static/debug_toolbar/img/ajax-loader.gif HTTP/1.1" 200 404 (2018-08-02 11:01:23; basehttp.py:124)
INFO:django.server: "GET /accounts/ajax/count_posts/?pk=3 HTTP/1.1" 200 18 (2018-08-02 11:01:23; basehttp.py:124)
INFO:django.server: "GET /accounts/ajax/count_followers/?pk=3 HTTP/1.1" 200 22 (2018-08-02 11:01:24; basehttp.py:124)
INFO:django.server: "GET /static/css/bootstrap-4.1.1-dist/css/bootstrap-reboot.css.map HTTP/1.1" 304 0 (2018-08-02 11:01:24; basehttp.py:124)
INFO:django.server: "GET /static/css/bootstrap-4.1.1-dist/css/bootstrap-grid.css.map HTTP/1.1" 304 0 (2018-08-02 11:01:24; basehttp.py:124)
INFO:django.server: "GET /static/css/bootstrap-4.1.1-dist/css/bootstrap.css.map HTTP/1.1" 304 0 (2018-08-02 11:01:24; basehttp.py:124)
INFO:django.server: "POST /news/post/comment/ HTTP/1.1" 200 95 (2018-08-02 11:01:26; basehttp.py:124)
INFO:django.server: "GET /news/post/1/ HTTP/1.1" 200 37724 (2018-08-02 11:03:57; basehttp.py:124)
INFO:django.server: "GET /static/css/bootstrap-4.1.1-dist/css/bootstrap-reboot.css HTTP/1.1" 200 4856 (2018-08-02 11:03:57; basehttp.py:124)
INFO:django.server: "GET /static/css/style.css HTTP/1.1" 200 925 (2018-08-02 11:03:57; basehttp.py:124)
INFO:django.server: "GET /static/css/bootstrap-4.1.1-dist/css/bootstrap-grid.css HTTP/1.1" 200 37644 (2018-08-02 11:03:57; basehttp.py:124)
INFO:django.server: "GET /static/css/style_news_detail.css HTTP/1.1" 200 732 (2018-08-02 11:03:57; basehttp.py:124)
INFO:django.server: "GET /static/js/infinite.min.js HTTP/1.1" 200 1460 (2018-08-02 11:03:57; basehttp.py:124)
INFO:django.server: "GET /static/js/jquery-3.3.1.min.js HTTP/1.1" 200 86927 (2018-08-02 11:03:57; basehttp.py:124)
INFO:django.server: "GET /static/js/csrf.js HTTP/1.1" 200 617 (2018-08-02 11:03:57; basehttp.py:124)
INFO:django.server: "GET /static/js/app.js HTTP/1.1" 200 1015 (2018-08-02 11:03:57; basehttp.py:124)
INFO:django.server: "GET /static/css/bootstrap-4.1.1-dist/css/bootstrap.css HTTP/1.1" 200 173442 (2018-08-02 11:03:57; basehttp.py:124)
INFO:django.server: "GET /static/debug_toolbar/js/jquery_post.js HTTP/1.1" 200 118 (2018-08-02 11:03:57; basehttp.py:124)
INFO:django.server: "GET /static/debug_toolbar/js/jquery_pre.js HTTP/1.1" 200 136 (2018-08-02 11:03:57; basehttp.py:124)
INFO:django.server: "GET /static/css/bootstrap-4.1.1-dist/js/bootstrap.bundle.js HTTP/1.1" 200 211159 (2018-08-02 11:03:57; basehttp.py:124)
INFO:django.server: "GET /static/js/popper.min.js HTTP/1.1" 200 20456 (2018-08-02 11:03:57; basehttp.py:124)
INFO:django.server: "GET /static/js/jquery.waypoints.min.js HTTP/1.1" 200 9028 (2018-08-02 11:03:57; basehttp.py:124)
INFO:django.server: "GET /static/js/news.js HTTP/1.1" 200 2977 (2018-08-02 11:03:57; basehttp.py:124)
INFO:django.server: "GET /static/debug_toolbar/css/toolbar.css HTTP/1.1" 200 20322 (2018-08-02 11:03:57; basehttp.py:124)
INFO:django.server: "GET /static/debug_toolbar/css/print.css HTTP/1.1" 200 29 (2018-08-02 11:03:57; basehttp.py:124)
INFO:django.server: "GET /static/debug_toolbar/js/toolbar.js HTTP/1.1" 200 12484 (2018-08-02 11:03:57; basehttp.py:124)
INFO:django.server: "GET /static/css/bootstrap-4.1.1-dist/js/bootstrap.js HTTP/1.1" 200 122579 (2018-08-02 11:03:57; basehttp.py:124)
INFO:django.server: "GET /static/user-default.png HTTP/1.1" 200 1245 (2018-08-02 11:03:57; basehttp.py:124)
INFO:django.server: "GET /media/images/news/image_sharpened.jpg HTTP/1.1" 200 105134 (2018-08-02 11:03:57; basehttp.py:124)
INFO:django.server: "GET /static/debug_toolbar/img/ajax-loader.gif HTTP/1.1" 200 404 (2018-08-02 11:03:57; basehttp.py:124)
INFO:django.server: "GET /accounts/ajax/count_posts/?pk=3 HTTP/1.1" 200 18 (2018-08-02 11:03:57; basehttp.py:124)
INFO:django.server: "GET /accounts/ajax/count_followers/?pk=3 HTTP/1.1" 200 22 (2018-08-02 11:03:57; basehttp.py:124)
INFO:django.server: "GET /static/css/bootstrap-4.1.1-dist/css/bootstrap-reboot.css.map HTTP/1.1" 304 0 (2018-08-02 11:03:58; basehttp.py:124)
INFO:django.server: "GET /static/css/bootstrap-4.1.1-dist/css/bootstrap.css.map HTTP/1.1" 304 0 (2018-08-02 11:03:58; basehttp.py:124)
INFO:django.server: "GET /static/css/bootstrap-4.1.1-dist/css/bootstrap-grid.css.map HTTP/1.1" 304 0 (2018-08-02 11:03:58; basehttp.py:124)
INFO:django.server: "POST /news/post/comment/ HTTP/1.1" 200 95 (2018-08-02 11:04:00; basehttp.py:124)
INFO:django.server: "GET /news/comment/24/edit/ HTTP/1.1" 200 1247 (2018-08-02 11:04:16; basehttp.py:124)
INFO:django.server: "GET /news/comment/24/edit/ HTTP/1.1" 200 1247 (2018-08-02 11:05:50; basehttp.py:124)
INFO:django.server: "GET /news/post/1/ HTTP/1.1" 200 38280 (2018-08-02 11:08:31; basehttp.py:124)
INFO:django.server: "GET /static/css/bootstrap-4.1.1-dist/css/bootstrap.css HTTP/1.1" 200 173442 (2018-08-02 11:08:31; basehttp.py:124)
INFO:django.server: "GET /static/css/bootstrap-4.1.1-dist/css/bootstrap-grid.css HTTP/1.1" 200 37644 (2018-08-02 11:08:31; basehttp.py:124)
INFO:django.server: "GET /static/css/bootstrap-4.1.1-dist/css/bootstrap-reboot.css HTTP/1.1" 200 4856 (2018-08-02 11:08:31; basehttp.py:124)
INFO:django.server: "GET /static/css/style.css HTTP/1.1" 200 925 (2018-08-02 11:08:31; basehttp.py:124)
INFO:django.server: "GET /static/css/style_news_detail.css HTTP/1.1" 200 732 (2018-08-02 11:08:31; basehttp.py:124)
INFO:django.server: "GET /static/js/jquery-3.3.1.min.js HTTP/1.1" 200 86927 (2018-08-02 11:08:31; basehttp.py:124)
INFO:django.server: "GET /static/js/popper.min.js HTTP/1.1" 200 20456 (2018-08-02 11:08:31; basehttp.py:124)
INFO:django.server: "GET /static/js/news.js HTTP/1.1" 200 3963 (2018-08-02 11:08:31; basehttp.py:124)
INFO:django.server: "GET /static/js/infinite.min.js HTTP/1.1" 200 1460 (2018-08-02 11:08:31; basehttp.py:124)
INFO:django.server: "GET /static/debug_toolbar/css/print.css HTTP/1.1" 200 29 (2018-08-02 11:08:31; basehttp.py:124)
INFO:django.server: "GET /static/css/bootstrap-4.1.1-dist/js/bootstrap.js HTTP/1.1" 200 122579 (2018-08-02 11:08:31; basehttp.py:124)
INFO:django.server: "GET /static/debug_toolbar/js/jquery_pre.js HTTP/1.1" 200 136 (2018-08-02 11:08:31; basehttp.py:124)
INFO:django.server: "GET /static/css/bootstrap-4.1.1-dist/js/bootstrap.bundle.js HTTP/1.1" 200 211159 (2018-08-02 11:08:31; basehttp.py:124)
INFO:django.server: "GET /static/debug_toolbar/js/toolbar.js HTTP/1.1" 200 12484 (2018-08-02 11:08:31; basehttp.py:124)
INFO:django.server: "GET /static/debug_toolbar/css/toolbar.css HTTP/1.1" 200 20322 (2018-08-02 11:08:31; basehttp.py:124)
INFO:django.server: "GET /static/debug_toolbar/js/jquery_post.js HTTP/1.1" 200 118 (2018-08-02 11:08:31; basehttp.py:124)
INFO:django.server: "GET /static/js/app.js HTTP/1.1" 200 1015 (2018-08-02 11:08:31; basehttp.py:124)
INFO:django.server: "GET /static/js/csrf.js HTTP/1.1" 200 617 (2018-08-02 11:08:31; basehttp.py:124)
INFO:django.server: "GET /static/js/jquery.waypoints.min.js HTTP/1.1" 200 9028 (2018-08-02 11:08:31; basehttp.py:124)
INFO:django.server: "GET /media/images/news/image_sharpened.jpg HTTP/1.1" 200 105134 (2018-08-02 11:08:31; basehttp.py:124)
INFO:django.server: "GET /static/user-default.png HTTP/1.1" 200 1245 (2018-08-02 11:08:31; basehttp.py:124)
INFO:django.server: "GET /static/debug_toolbar/img/ajax-loader.gif HTTP/1.1" 200 404 (2018-08-02 11:08:31; basehttp.py:124)
INFO:django.server: "GET /accounts/ajax/count_posts/?pk=3 HTTP/1.1" 200 18 (2018-08-02 11:08:31; basehttp.py:124)
INFO:django.server: "GET /accounts/ajax/count_followers/?pk=3 HTTP/1.1" 200 22 (2018-08-02 11:08:31; basehttp.py:124)
INFO:django.server: "GET /static/css/bootstrap-4.1.1-dist/css/bootstrap-reboot.css.map HTTP/1.1" 304 0 (2018-08-02 11:08:32; basehttp.py:124)
INFO:django.server: "GET /static/css/bootstrap-4.1.1-dist/css/bootstrap-grid.css.map HTTP/1.1" 304 0 (2018-08-02 11:08:32; basehttp.py:124)
INFO:django.server: "GET /static/css/bootstrap-4.1.1-dist/css/bootstrap.css.map HTTP/1.1" 304 0 (2018-08-02 11:08:32; basehttp.py:124)
INFO:django.server: "POST /news/post/comment/ HTTP/1.1" 200 97 (2018-08-02 11:08:36; basehttp.py:124)
INFO:django.server: "GET /news/comment/26/edit/ HTTP/1.1" 200 1249 (2018-08-02 11:08:41; basehttp.py:124)
INFO:django.server: "POST /news/comment/26/edit/ HTTP/1.1" 200 1298 (2018-08-02 11:08:48; basehttp.py:124)
INFO:django.server: "POST /news/comment/26/edit/ HTTP/1.1" 200 1298 (2018-08-02 11:08:48; basehttp.py:124)
INFO:django.server: "GET /news/comment/remove/?pk=25&action=remove HTTP/1.1" 200 22 (2018-08-02 11:09:37; basehttp.py:124)
INFO:django.server: "GET /news/comment/remove/?pk=24&action=remove HTTP/1.1" 200 22 (2018-08-02 11:09:43; basehttp.py:124)
INFO:django.server: "GET /news/comment/approve/?pk=23&action=approve HTTP/1.1" 200 22 (2018-08-02 11:09:48; basehttp.py:124)
INFO:django.server: "GET /news/comment/approve/?pk=23&action=approve HTTP/1.1" 200 22 (2018-08-02 11:18:32; basehttp.py:124)
INFO:django.server: "GET /news/comment/remove/?pk=23&action=remove HTTP/1.1" 200 22 (2018-08-02 11:18:38; basehttp.py:124)
INFO:django.server: "GET /news/post/1/ HTTP/1.1" 200 34536 (2018-08-02 11:18:42; basehttp.py:124)
INFO:django.server: "GET /static/css/bootstrap-4.1.1-dist/css/bootstrap-grid.css HTTP/1.1" 200 37644 (2018-08-02 11:18:42; basehttp.py:124)
INFO:django.server: "GET /static/css/bootstrap-4.1.1-dist/css/bootstrap-reboot.css HTTP/1.1" 200 4856 (2018-08-02 11:18:42; basehttp.py:124)
INFO:django.server: "GET /static/css/bootstrap-4.1.1-dist/css/bootstrap.css HTTP/1.1" 200 173442 (2018-08-02 11:18:42; basehttp.py:124)
INFO:django.server: "GET /static/css/style_news_detail.css HTTP/1.1" 200 732 (2018-08-02 11:18:42; basehttp.py:124)
INFO:django.server: "GET /static/js/jquery-3.3.1.min.js HTTP/1.1" 200 86927 (2018-08-02 11:18:42; basehttp.py:124)
INFO:django.server: "GET /static/css/style.css HTTP/1.1" 200 925 (2018-08-02 11:18:42; basehttp.py:124)
INFO:django.server: "GET /static/js/jquery.waypoints.min.js HTTP/1.1" 200 9028 (2018-08-02 11:18:42; basehttp.py:124)
INFO:django.server: "GET /static/js/csrf.js HTTP/1.1" 200 617 (2018-08-02 11:18:42; basehttp.py:124)
INFO:django.server: "GET /static/js/app.js HTTP/1.1" 200 1015 (2018-08-02 11:18:42; basehttp.py:124)
INFO:django.server: "GET /static/css/bootstrap-4.1.1-dist/js/bootstrap.bundle.js HTTP/1.1" 200 211159 (2018-08-02 11:18:42; basehttp.py:124)
INFO:django.server: "GET /static/debug_toolbar/js/jquery_post.js HTTP/1.1" 200 118 (2018-08-02 11:18:42; basehttp.py:124)
INFO:django.server: "GET /static/debug_toolbar/css/toolbar.css HTTP/1.1" 200 20322 (2018-08-02 11:18:42; basehttp.py:124)
INFO:django.server: "GET /static/js/news.js HTTP/1.1" 200 3963 (2018-08-02 11:18:42; basehttp.py:124)
INFO:django.server: "GET /static/debug_toolbar/js/jquery_pre.js HTTP/1.1" 200 136 (2018-08-02 11:18:42; basehttp.py:124)
INFO:django.server: "GET /static/debug_toolbar/css/print.css HTTP/1.1" 200 29 (2018-08-02 11:18:42; basehttp.py:124)
INFO:django.server: "GET /static/js/popper.min.js HTTP/1.1" 200 20456 (2018-08-02 11:18:42; basehttp.py:124)
INFO:django.server: "GET /static/css/bootstrap-4.1.1-dist/js/bootstrap.js HTTP/1.1" 200 122579 (2018-08-02 11:18:42; basehttp.py:124)
INFO:django.server: "GET /static/js/infinite.min.js HTTP/1.1" 200 1460 (2018-08-02 11:18:42; basehttp.py:124)
INFO:django.server: "GET /static/debug_toolbar/js/toolbar.js HTTP/1.1" 200 12484 (2018-08-02 11:18:42; basehttp.py:124)
INFO:django.server: "GET /media/images/news/image_sharpened.jpg HTTP/1.1" 200 105134 (2018-08-02 11:18:42; basehttp.py:124)
INFO:django.server: "GET /static/user-default.png HTTP/1.1" 200 1245 (2018-08-02 11:18:42; basehttp.py:124)
INFO:django.server: "GET /static/debug_toolbar/img/ajax-loader.gif HTTP/1.1" 200 404 (2018-08-02 11:18:42; basehttp.py:124)
INFO:django.server: "GET /accounts/ajax/count_posts/?pk=3 HTTP/1.1" 200 18 (2018-08-02 11:18:42; basehttp.py:124)
INFO:django.server: "GET /accounts/ajax/count_followers/?pk=3 HTTP/1.1" 200 22 (2018-08-02 11:18:42; basehttp.py:124)
INFO:django.server: "GET /static/css/bootstrap-4.1.1-dist/css/bootstrap.css.map HTTP/1.1" 304 0 (2018-08-02 11:18:43; basehttp.py:124)
INFO:django.server: "GET /static/css/bootstrap-4.1.1-dist/css/bootstrap-reboot.css.map HTTP/1.1" 304 0 (2018-08-02 11:18:43; basehttp.py:124)
INFO:django.server: "GET /static/css/bootstrap-4.1.1-dist/css/bootstrap-grid.css.map HTTP/1.1" 304 0 (2018-08-02 11:18:43; basehttp.py:124)
INFO:django.server: "GET /news/post/1/ HTTP/1.1" 200 34226 (2018-08-02 11:41:56; basehttp.py:124)
INFO:django.server: "GET /static/css/bootstrap-4.1.1-dist/css/bootstrap-grid.css HTTP/1.1" 200 37644 (2018-08-02 11:41:56; basehttp.py:124)
INFO:django.server: "GET /static/css/bootstrap-4.1.1-dist/css/bootstrap.css HTTP/1.1" 200 173442 (2018-08-02 11:41:56; basehttp.py:124)
INFO:django.server: "GET /static/css/bootstrap-4.1.1-dist/css/bootstrap-reboot.css HTTP/1.1" 200 4856 (2018-08-02 11:41:56; basehttp.py:124)
INFO:django.server: "GET /static/css/style.css HTTP/1.1" 200 925 (2018-08-02 11:41:56; basehttp.py:124)
INFO:django.server: "GET /static/css/style_news_detail.css HTTP/1.1" 200 732 (2018-08-02 11:41:56; basehttp.py:124)
INFO:django.server: "GET /static/js/jquery-3.3.1.min.js HTTP/1.1" 200 86927 (2018-08-02 11:41:56; basehttp.py:124)
INFO:django.server: "GET /static/css/bootstrap-4.1.1-dist/js/bootstrap.js HTTP/1.1" 200 122579 (2018-08-02 11:41:56; basehttp.py:124)
INFO:django.server: "GET /static/js/popper.min.js HTTP/1.1" 200 20456 (2018-08-02 11:41:56; basehttp.py:124)
INFO:django.server: "GET /static/js/infinite.min.js HTTP/1.1" 200 1460 (2018-08-02 11:41:56; basehttp.py:124)
INFO:django.server: "GET /static/debug_toolbar/css/print.css HTTP/1.1" 200 29 (2018-08-02 11:41:56; basehttp.py:124)
INFO:django.server: "GET /static/js/news.js HTTP/1.1" 200 3963 (2018-08-02 11:41:56; basehttp.py:124)
INFO:django.server: "GET /static/debug_toolbar/css/toolbar.css HTTP/1.1" 200 20322 (2018-08-02 11:41:56; basehttp.py:124)
INFO:django.server: "GET /static/debug_toolbar/js/jquery_post.js HTTP/1.1" 200 118 (2018-08-02 11:41:56; basehttp.py:124)
INFO:django.server: "GET /static/debug_toolbar/js/toolbar.js HTTP/1.1" 200 12484 (2018-08-02 11:41:56; basehttp.py:124)
INFO:django.server: "GET /static/js/csrf.js HTTP/1.1" 200 617 (2018-08-02 11:41:56; basehttp.py:124)
INFO:django.server: "GET /static/js/jquery.waypoints.min.js HTTP/1.1" 200 9028 (2018-08-02 11:41:56; basehttp.py:124)
INFO:django.server: "GET /static/css/bootstrap-4.1.1-dist/js/bootstrap.bundle.js HTTP/1.1" 200 211159 (2018-08-02 11:41:56; basehttp.py:124)
INFO:django.server: "GET /static/js/app.js HTTP/1.1" 200 1015 (2018-08-02 11:41:56; basehttp.py:124)
INFO:django.server: "GET /static/debug_toolbar/js/jquery_pre.js HTTP/1.1" 200 136 (2018-08-02 11:41:56; basehttp.py:124)
INFO:django.server: "GET /media/images/news/image_sharpened.jpg HTTP/1.1" 200 105134 (2018-08-02 11:41:56; basehttp.py:124)
INFO:django.server: "GET /static/user-default.png HTTP/1.1" 200 1245 (2018-08-02 11:41:56; basehttp.py:124)
INFO:django.server: "GET /static/debug_toolbar/img/ajax-loader.gif HTTP/1.1" 200 404 (2018-08-02 11:41:56; basehttp.py:124)
INFO:django.server: "GET /accounts/ajax/count_posts/?pk=3 HTTP/1.1" 200 18 (2018-08-02 11:41:56; basehttp.py:124)
INFO:django.server: "GET /accounts/ajax/count_followers/?pk=3 HTTP/1.1" 200 22 (2018-08-02 11:41:56; basehttp.py:124)
INFO:django.server: "GET /static/css/bootstrap-4.1.1-dist/css/bootstrap-reboot.css.map HTTP/1.1" 304 0 (2018-08-02 11:41:56; basehttp.py:124)
INFO:django.server: "GET /static/css/bootstrap-4.1.1-dist/css/bootstrap.css.map HTTP/1.1" 304 0 (2018-08-02 11:41:56; basehttp.py:124)
INFO:django.server: "GET /static/css/bootstrap-4.1.1-dist/css/bootstrap-grid.css.map HTTP/1.1" 304 0 (2018-08-02 11:41:56; basehttp.py:124)
INFO:django.server: "GET /news/comment/approve/?pk=26&action=approve HTTP/1.1" 200 22 (2018-08-02 11:42:00; basehttp.py:124)
INFO:django.server: "GET /news/comment/remove/?pk=20&action=remove HTTP/1.1" 200 22 (2018-08-02 11:42:09; basehttp.py:124)
INFO:django.server: "GET /news/comment/approve/?pk=16&action=approve HTTP/1.1" 200 22 (2018-08-02 11:42:12; basehttp.py:124)
INFO:django.server: "GET /news/post/1/ HTTP/1.1" 200 30893 (2018-08-02 11:42:18; basehttp.py:124)
INFO:django.server: "GET /static/css/style.css HTTP/1.1" 200 925 (2018-08-02 11:42:18; basehttp.py:124)
INFO:django.server: "GET /static/css/bootstrap-4.1.1-dist/css/bootstrap-reboot.css HTTP/1.1" 200 4856 (2018-08-02 11:42:18; basehttp.py:124)
INFO:django.server: "GET /static/css/style_news_detail.css HTTP/1.1" 200 732 (2018-08-02 11:42:18; basehttp.py:124)
INFO:django.server: "GET /static/css/bootstrap-4.1.1-dist/css/bootstrap.css HTTP/1.1" 200 173442 (2018-08-02 11:42:18; basehttp.py:124)
INFO:django.server: "GET /static/css/bootstrap-4.1.1-dist/css/bootstrap-grid.css HTTP/1.1" 200 37644 (2018-08-02 11:42:18; basehttp.py:124)
INFO:django.server: "GET /static/js/jquery-3.3.1.min.js HTTP/1.1" 200 86927 (2018-08-02 11:42:18; basehttp.py:124)
INFO:django.server: "GET /static/js/infinite.min.js HTTP/1.1" 200 1460 (2018-08-02 11:42:18; basehttp.py:124)
INFO:django.server: "GET /static/js/news.js HTTP/1.1" 200 3963 (2018-08-02 11:42:18; basehttp.py:124)
INFO:django.server: "GET /static/css/bootstrap-4.1.1-dist/js/bootstrap.bundle.js HTTP/1.1" 200 211159 (2018-08-02 11:42:18; basehttp.py:124)
INFO:django.server: "GET /static/debug_toolbar/css/print.css HTTP/1.1" 200 29 (2018-08-02 11:42:18; basehttp.py:124)
INFO:django.server: "GET /static/debug_toolbar/js/jquery_pre.js HTTP/1.1" 200 136 (2018-08-02 11:42:18; basehttp.py:124)
INFO:django.server: "GET /static/debug_toolbar/js/jquery_post.js HTTP/1.1" 200 118 (2018-08-02 11:42:18; basehttp.py:124)
INFO:django.server: "GET /static/js/jquery.waypoints.min.js HTTP/1.1" 200 9028 (2018-08-02 11:42:18; basehttp.py:124)
INFO:django.server: "GET /static/debug_toolbar/css/toolbar.css HTTP/1.1" 200 20322 (2018-08-02 11:42:18; basehttp.py:124)
INFO:django.server: "GET /static/js/csrf.js HTTP/1.1" 200 617 (2018-08-02 11:42:18; basehttp.py:124)
INFO:django.server: "GET /static/js/popper.min.js HTTP/1.1" 200 20456 (2018-08-02 11:42:18; basehttp.py:124)
INFO:django.server: "GET /static/css/bootstrap-4.1.1-dist/js/bootstrap.js HTTP/1.1" 200 122579 (2018-08-02 11:42:18; basehttp.py:124)
INFO:django.server: "GET /static/js/app.js HTTP/1.1" 200 1015 (2018-08-02 11:42:18; basehttp.py:124)
INFO:django.server: "GET /static/debug_toolbar/js/toolbar.js HTTP/1.1" 200 12484 (2018-08-02 11:42:18; basehttp.py:124)
INFO:django.server: "GET /static/user-default.png HTTP/1.1" 200 1245 (2018-08-02 11:42:18; basehttp.py:124)
INFO:django.server: "GET /media/images/news/image_sharpened.jpg HTTP/1.1" 200 105134 (2018-08-02 11:42:18; basehttp.py:124)
INFO:django.server: "GET /static/debug_toolbar/img/ajax-loader.gif HTTP/1.1" 200 404 (2018-08-02 11:42:18; basehttp.py:124)
INFO:django.server: "GET /accounts/ajax/count_posts/?pk=3 HTTP/1.1" 200 18 (2018-08-02 11:42:19; basehttp.py:124)
INFO:django.server: "GET /accounts/ajax/count_followers/?pk=3 HTTP/1.1" 200 22 (2018-08-02 11:42:19; basehttp.py:124)
INFO:django.server: "GET /static/css/bootstrap-4.1.1-dist/css/bootstrap.css.map HTTP/1.1" 304 0 (2018-08-02 11:42:19; basehttp.py:124)
INFO:django.server: "GET /static/css/bootstrap-4.1.1-dist/css/bootstrap-reboot.css.map HTTP/1.1" 304 0 (2018-08-02 11:42:19; basehttp.py:124)
INFO:django.server: "GET /static/css/bootstrap-4.1.1-dist/css/bootstrap-grid.css.map HTTP/1.1" 304 0 (2018-08-02 11:42:19; basehttp.py:124)
